TN:
SF:C:\git\cattegy-git\nested-dnd\client\build\packs\dnd.js
FN:12,(anonymous_0)
FN:35,(anonymous_1)
FN:65,(anonymous_2)
FN:68,(anonymous_3)
FN:71,(anonymous_4)
FN:76,(anonymous_5)
FN:107,(anonymous_6)
FN:253,(anonymous_7)
FN:272,findAncestorData
FN:282,checkIsa
FN:347,createMirrorPlane
FN:352,(anonymous_11)
FN:365,styleAThing
FNF:13
FNH:0
FNDA:0,(anonymous_0)
FNDA:0,(anonymous_1)
FNDA:0,(anonymous_2)
FNDA:0,(anonymous_3)
FNDA:0,(anonymous_4)
FNDA:0,(anonymous_5)
FNDA:0,(anonymous_6)
FNDA:0,(anonymous_7)
FNDA:0,findAncestorData
FNDA:0,checkIsa
FNDA:0,createMirrorPlane
FNDA:0,(anonymous_11)
FNDA:0,styleAThing
DA:1,0
DA:12,0
DA:13,0
DA:15,0
DA:16,0
DA:18,0
DA:19,0
DA:20,0
DA:21,0
DA:22,0
DA:25,0
DA:26,0
DA:27,0
DA:29,0
DA:30,0
DA:34,0
DA:35,0
DA:36,0
DA:37,0
DA:40,0
DA:43,0
DA:44,0
DA:45,0
DA:46,0
DA:47,0
DA:48,0
DA:49,0
DA:50,0
DA:52,0
DA:53,0
DA:56,0
DA:57,0
DA:59,0
DA:60,0
DA:63,0
DA:65,0
DA:66,0
DA:68,0
DA:69,0
DA:71,0
DA:72,0
DA:75,0
DA:77,0
DA:80,0
DA:81,0
DA:82,0
DA:83,0
DA:84,0
DA:85,0
DA:86,0
DA:87,0
DA:88,0
DA:89,0
DA:90,0
DA:91,0
DA:94,0
DA:95,0
DA:96,0
DA:100,0
DA:106,0
DA:108,0
DA:109,0
DA:110,0
DA:111,0
DA:112,0
DA:115,0
DA:116,0
DA:117,0
DA:118,0
DA:122,0
DA:123,0
DA:124,0
DA:125,0
DA:126,0
DA:127,0
DA:131,0
DA:134,0
DA:135,0
DA:136,0
DA:137,0
DA:138,0
DA:139,0
DA:140,0
DA:146,0
DA:147,0
DA:148,0
DA:152,0
DA:153,0
DA:154,0
DA:156,0
DA:157,0
DA:158,0
DA:159,0
DA:160,0
DA:161,0
DA:163,0
DA:166,0
DA:167,0
DA:168,0
DA:169,0
DA:170,0
DA:171,0
DA:172,0
DA:173,0
DA:175,0
DA:179,0
DA:180,0
DA:181,0
DA:183,0
DA:184,0
DA:185,0
DA:186,0
DA:189,0
DA:190,0
DA:196,0
DA:197,0
DA:198,0
DA:199,0
DA:201,0
DA:202,0
DA:203,0
DA:204,0
DA:207,0
DA:208,0
DA:210,0
DA:211,0
DA:214,0
DA:216,0
DA:220,0
DA:223,0
DA:224,0
DA:225,0
DA:227,0
DA:229,0
DA:230,0
DA:232,0
DA:237,0
DA:238,0
DA:241,0
DA:247,0
DA:248,0
DA:252,0
DA:254,0
DA:255,0
DA:256,0
DA:258,0
DA:260,0
DA:261,0
DA:262,0
DA:263,0
DA:265,0
DA:267,0
DA:268,0
DA:273,0
DA:274,0
DA:276,0
DA:277,0
DA:279,0
DA:283,0
DA:284,0
DA:286,0
DA:287,0
DA:289,0
DA:348,0
DA:349,0
DA:350,0
DA:352,0
DA:353,0
DA:354,0
DA:355,0
DA:356,0
DA:357,0
DA:358,0
DA:359,0
DA:360,0
DA:366,0
DA:367,0
DA:368,0
DA:370,0
DA:372,0
DA:373,0
DA:374,0
DA:375,0
DA:378,0
DA:382,0
DA:384,0
DA:388,0
LF:187
LH:0
BRDA:13,0,0,0
BRDA:13,0,1,0
BRDA:18,1,0,0
BRDA:18,1,1,0
BRDA:20,2,0,0
BRDA:20,2,1,0
BRDA:26,3,0,0
BRDA:26,3,1,0
BRDA:29,4,0,0
BRDA:29,4,1,0
BRDA:36,5,0,0
BRDA:36,5,1,0
BRDA:59,6,0,0
BRDA:59,6,1,0
BRDA:80,7,0,0
BRDA:80,7,1,0
BRDA:80,8,0,0
BRDA:80,8,1,0
BRDA:82,9,0,0
BRDA:82,9,1,0
BRDA:83,10,0,0
BRDA:83,10,1,0
BRDA:85,11,0,0
BRDA:85,11,1,0
BRDA:86,12,0,0
BRDA:86,12,1,0
BRDA:88,13,0,0
BRDA:88,13,1,0
BRDA:89,14,0,0
BRDA:89,14,1,0
BRDA:91,15,0,0
BRDA:91,15,1,0
BRDA:94,16,0,0
BRDA:94,16,1,0
BRDA:97,17,0,0
BRDA:97,17,1,0
BRDA:116,18,0,0
BRDA:116,18,1,0
BRDA:117,19,0,0
BRDA:117,19,1,0
BRDA:117,20,0,0
BRDA:117,20,1,0
BRDA:122,21,0,0
BRDA:122,21,1,0
BRDA:122,22,0,0
BRDA:122,22,1,0
BRDA:123,23,0,0
BRDA:123,23,1,0
BRDA:124,24,0,0
BRDA:124,24,1,0
BRDA:126,25,0,0
BRDA:126,25,1,0
BRDA:131,26,0,0
BRDA:131,26,1,0
BRDA:138,27,0,0
BRDA:138,27,1,0
BRDA:138,28,0,0
BRDA:138,28,1,0
BRDA:152,29,0,0
BRDA:152,29,1,0
BRDA:153,30,0,0
BRDA:153,30,1,0
BRDA:156,31,0,0
BRDA:156,31,1,0
BRDA:158,32,0,0
BRDA:158,32,1,0
BRDA:160,33,0,0
BRDA:160,33,1,0
BRDA:166,34,0,0
BRDA:166,34,1,0
BRDA:168,35,0,0
BRDA:168,35,1,0
BRDA:170,36,0,0
BRDA:170,36,1,0
BRDA:172,37,0,0
BRDA:172,37,1,0
BRDA:180,38,0,0
BRDA:180,38,1,0
BRDA:181,39,0,0
BRDA:181,39,1,0
BRDA:181,40,0,0
BRDA:181,40,1,0
BRDA:181,40,2,0
BRDA:183,41,0,0
BRDA:183,41,1,0
BRDA:185,42,0,0
BRDA:185,42,1,0
BRDA:189,43,0,0
BRDA:189,43,1,0
BRDA:196,44,0,0
BRDA:196,44,1,0
BRDA:198,45,0,0
BRDA:198,45,1,0
BRDA:198,46,0,0
BRDA:198,46,1,0
BRDA:198,46,2,0
BRDA:201,47,0,0
BRDA:201,47,1,0
BRDA:203,48,0,0
BRDA:203,48,1,0
BRDA:207,49,0,0
BRDA:207,49,1,0
BRDA:210,50,0,0
BRDA:210,50,1,0
BRDA:210,51,0,0
BRDA:210,51,1,0
BRDA:224,52,0,0
BRDA:224,52,1,0
BRDA:232,53,0,0
BRDA:232,53,1,0
BRDA:237,54,0,0
BRDA:237,54,1,0
BRDA:237,55,0,0
BRDA:237,55,1,0
BRDA:260,56,0,0
BRDA:260,56,1,0
BRDA:260,57,0,0
BRDA:260,57,1,0
BRDA:262,58,0,0
BRDA:262,58,1,0
BRDA:267,59,0,0
BRDA:267,59,1,0
BRDA:273,60,0,0
BRDA:273,60,1,0
BRDA:276,61,0,0
BRDA:276,61,1,0
BRDA:276,62,0,0
BRDA:276,62,1,0
BRDA:283,63,0,0
BRDA:283,63,1,0
BRDA:286,64,0,0
BRDA:286,64,1,0
BRDA:353,65,0,0
BRDA:353,65,1,0
BRDA:357,66,0,0
BRDA:357,66,1,0
BRDA:359,67,0,0
BRDA:359,67,1,0
BRDA:359,68,0,0
BRDA:359,68,1,0
BRDA:367,69,0,0
BRDA:367,69,1,0
BRDA:367,70,0,0
BRDA:367,70,1,0
BRDA:373,71,0,0
BRDA:373,71,1,0
BRDA:374,72,0,0
BRDA:374,72,1,0
BRF:148
BRH:0
end_of_record
TN:
SF:C:\git\cattegy-git\nested-dnd\client\public\packs\dnd.js
FN:12,(anonymous_0)
FN:35,(anonymous_1)
FN:65,(anonymous_2)
FN:68,(anonymous_3)
FN:71,(anonymous_4)
FN:76,(anonymous_5)
FN:107,(anonymous_6)
FN:253,(anonymous_7)
FN:272,findAncestorData
FN:282,checkIsa
FN:347,createMirrorPlane
FN:352,(anonymous_11)
FN:365,styleAThing
FNF:13
FNH:0
FNDA:0,(anonymous_0)
FNDA:0,(anonymous_1)
FNDA:0,(anonymous_2)
FNDA:0,(anonymous_3)
FNDA:0,(anonymous_4)
FNDA:0,(anonymous_5)
FNDA:0,(anonymous_6)
FNDA:0,(anonymous_7)
FNDA:0,findAncestorData
FNDA:0,checkIsa
FNDA:0,createMirrorPlane
FNDA:0,(anonymous_11)
FNDA:0,styleAThing
DA:1,0
DA:12,0
DA:13,0
DA:15,0
DA:16,0
DA:18,0
DA:19,0
DA:20,0
DA:21,0
DA:22,0
DA:25,0
DA:26,0
DA:27,0
DA:29,0
DA:30,0
DA:34,0
DA:35,0
DA:36,0
DA:37,0
DA:40,0
DA:43,0
DA:44,0
DA:45,0
DA:46,0
DA:47,0
DA:48,0
DA:49,0
DA:50,0
DA:52,0
DA:53,0
DA:56,0
DA:57,0
DA:59,0
DA:60,0
DA:63,0
DA:65,0
DA:66,0
DA:68,0
DA:69,0
DA:71,0
DA:72,0
DA:75,0
DA:77,0
DA:80,0
DA:81,0
DA:82,0
DA:83,0
DA:84,0
DA:85,0
DA:86,0
DA:87,0
DA:88,0
DA:89,0
DA:90,0
DA:91,0
DA:94,0
DA:95,0
DA:96,0
DA:100,0
DA:106,0
DA:108,0
DA:109,0
DA:110,0
DA:111,0
DA:112,0
DA:115,0
DA:116,0
DA:117,0
DA:118,0
DA:122,0
DA:123,0
DA:124,0
DA:125,0
DA:126,0
DA:127,0
DA:131,0
DA:134,0
DA:135,0
DA:136,0
DA:137,0
DA:138,0
DA:139,0
DA:140,0
DA:146,0
DA:147,0
DA:148,0
DA:152,0
DA:153,0
DA:154,0
DA:156,0
DA:157,0
DA:158,0
DA:159,0
DA:160,0
DA:161,0
DA:163,0
DA:166,0
DA:167,0
DA:168,0
DA:169,0
DA:170,0
DA:171,0
DA:172,0
DA:173,0
DA:175,0
DA:179,0
DA:180,0
DA:181,0
DA:183,0
DA:184,0
DA:185,0
DA:186,0
DA:189,0
DA:190,0
DA:196,0
DA:197,0
DA:198,0
DA:199,0
DA:201,0
DA:202,0
DA:203,0
DA:204,0
DA:207,0
DA:208,0
DA:210,0
DA:211,0
DA:214,0
DA:216,0
DA:220,0
DA:223,0
DA:224,0
DA:225,0
DA:227,0
DA:229,0
DA:230,0
DA:232,0
DA:237,0
DA:238,0
DA:241,0
DA:247,0
DA:248,0
DA:252,0
DA:254,0
DA:255,0
DA:256,0
DA:258,0
DA:260,0
DA:261,0
DA:262,0
DA:263,0
DA:265,0
DA:267,0
DA:268,0
DA:273,0
DA:274,0
DA:276,0
DA:277,0
DA:279,0
DA:283,0
DA:284,0
DA:286,0
DA:287,0
DA:289,0
DA:348,0
DA:349,0
DA:350,0
DA:352,0
DA:353,0
DA:354,0
DA:355,0
DA:356,0
DA:357,0
DA:358,0
DA:359,0
DA:360,0
DA:366,0
DA:367,0
DA:368,0
DA:370,0
DA:372,0
DA:373,0
DA:374,0
DA:375,0
DA:378,0
DA:382,0
DA:384,0
DA:388,0
LF:187
LH:0
BRDA:13,0,0,0
BRDA:13,0,1,0
BRDA:18,1,0,0
BRDA:18,1,1,0
BRDA:20,2,0,0
BRDA:20,2,1,0
BRDA:26,3,0,0
BRDA:26,3,1,0
BRDA:29,4,0,0
BRDA:29,4,1,0
BRDA:36,5,0,0
BRDA:36,5,1,0
BRDA:59,6,0,0
BRDA:59,6,1,0
BRDA:80,7,0,0
BRDA:80,7,1,0
BRDA:80,8,0,0
BRDA:80,8,1,0
BRDA:82,9,0,0
BRDA:82,9,1,0
BRDA:83,10,0,0
BRDA:83,10,1,0
BRDA:85,11,0,0
BRDA:85,11,1,0
BRDA:86,12,0,0
BRDA:86,12,1,0
BRDA:88,13,0,0
BRDA:88,13,1,0
BRDA:89,14,0,0
BRDA:89,14,1,0
BRDA:91,15,0,0
BRDA:91,15,1,0
BRDA:94,16,0,0
BRDA:94,16,1,0
BRDA:97,17,0,0
BRDA:97,17,1,0
BRDA:116,18,0,0
BRDA:116,18,1,0
BRDA:117,19,0,0
BRDA:117,19,1,0
BRDA:117,20,0,0
BRDA:117,20,1,0
BRDA:122,21,0,0
BRDA:122,21,1,0
BRDA:122,22,0,0
BRDA:122,22,1,0
BRDA:123,23,0,0
BRDA:123,23,1,0
BRDA:124,24,0,0
BRDA:124,24,1,0
BRDA:126,25,0,0
BRDA:126,25,1,0
BRDA:131,26,0,0
BRDA:131,26,1,0
BRDA:138,27,0,0
BRDA:138,27,1,0
BRDA:138,28,0,0
BRDA:138,28,1,0
BRDA:152,29,0,0
BRDA:152,29,1,0
BRDA:153,30,0,0
BRDA:153,30,1,0
BRDA:156,31,0,0
BRDA:156,31,1,0
BRDA:158,32,0,0
BRDA:158,32,1,0
BRDA:160,33,0,0
BRDA:160,33,1,0
BRDA:166,34,0,0
BRDA:166,34,1,0
BRDA:168,35,0,0
BRDA:168,35,1,0
BRDA:170,36,0,0
BRDA:170,36,1,0
BRDA:172,37,0,0
BRDA:172,37,1,0
BRDA:180,38,0,0
BRDA:180,38,1,0
BRDA:181,39,0,0
BRDA:181,39,1,0
BRDA:181,40,0,0
BRDA:181,40,1,0
BRDA:181,40,2,0
BRDA:183,41,0,0
BRDA:183,41,1,0
BRDA:185,42,0,0
BRDA:185,42,1,0
BRDA:189,43,0,0
BRDA:189,43,1,0
BRDA:196,44,0,0
BRDA:196,44,1,0
BRDA:198,45,0,0
BRDA:198,45,1,0
BRDA:198,46,0,0
BRDA:198,46,1,0
BRDA:198,46,2,0
BRDA:201,47,0,0
BRDA:201,47,1,0
BRDA:203,48,0,0
BRDA:203,48,1,0
BRDA:207,49,0,0
BRDA:207,49,1,0
BRDA:210,50,0,0
BRDA:210,50,1,0
BRDA:210,51,0,0
BRDA:210,51,1,0
BRDA:224,52,0,0
BRDA:224,52,1,0
BRDA:232,53,0,0
BRDA:232,53,1,0
BRDA:237,54,0,0
BRDA:237,54,1,0
BRDA:237,55,0,0
BRDA:237,55,1,0
BRDA:260,56,0,0
BRDA:260,56,1,0
BRDA:260,57,0,0
BRDA:260,57,1,0
BRDA:262,58,0,0
BRDA:262,58,1,0
BRDA:267,59,0,0
BRDA:267,59,1,0
BRDA:273,60,0,0
BRDA:273,60,1,0
BRDA:276,61,0,0
BRDA:276,61,1,0
BRDA:276,62,0,0
BRDA:276,62,1,0
BRDA:283,63,0,0
BRDA:283,63,1,0
BRDA:286,64,0,0
BRDA:286,64,1,0
BRDA:353,65,0,0
BRDA:353,65,1,0
BRDA:357,66,0,0
BRDA:357,66,1,0
BRDA:359,67,0,0
BRDA:359,67,1,0
BRDA:359,68,0,0
BRDA:359,68,1,0
BRDA:367,69,0,0
BRDA:367,69,1,0
BRDA:367,70,0,0
BRDA:367,70,1,0
BRDA:373,71,0,0
BRDA:373,71,1,0
BRDA:374,72,0,0
BRDA:374,72,1,0
BRF:148
BRH:0
end_of_record
TN:
SF:C:\git\cattegy-git\nested-dnd\client\src\index.js
FNF:0
FNH:0
DA:17,0
DA:18,0
LF:2
LH:0
BRF:0
BRH:0
end_of_record
TN:
SF:C:\git\cattegy-git\nested-dnd\client\src\registerServiceWorker.js
FN:21,register
FN:32,(anonymous_1)
FN:46,registerValidSW
FN:49,(anonymous_3)
FN:50,(anonymous_4)
FN:52,(anonymous_5)
FN:70,(anonymous_6)
FN:75,checkValidServiceWorker
FN:78,(anonymous_8)
FN:85,(anonymous_9)
FN:86,(anonymous_10)
FN:95,(anonymous_11)
FN:102,unregister
FN:104,(anonymous_13)
FNF:14
FNH:0
FNDA:0,register
FNDA:0,(anonymous_1)
FNDA:0,registerValidSW
FNDA:0,(anonymous_3)
FNDA:0,(anonymous_4)
FNDA:0,(anonymous_5)
FNDA:0,(anonymous_6)
FNDA:0,checkValidServiceWorker
FNDA:0,(anonymous_8)
FNDA:0,(anonymous_9)
FNDA:0,(anonymous_10)
FNDA:0,(anonymous_11)
FNDA:0,unregister
FNDA:0,(anonymous_13)
DA:11,0
DA:22,0
DA:24,0
DA:25,0
DA:29,0
DA:32,0
DA:33,0
DA:35,0
DA:37,0
DA:40,0
DA:47,0
DA:50,0
DA:51,0
DA:52,0
DA:53,0
DA:54,0
DA:59,0
DA:64,0
DA:71,0
DA:77,0
DA:80,0
DA:85,0
DA:86,0
DA:87,0
DA:92,0
DA:96,0
DA:103,0
DA:104,0
DA:105,0
LF:29
LH:0
BRDA:12,0,0,0
BRDA:12,0,1,0
BRDA:12,0,2,0
BRDA:22,1,0,0
BRDA:22,1,1,0
BRDA:22,2,0,0
BRDA:22,2,1,0
BRDA:25,3,0,0
BRDA:25,3,1,0
BRDA:35,4,0,0
BRDA:35,4,1,0
BRDA:53,5,0,0
BRDA:53,5,1,0
BRDA:54,6,0,0
BRDA:54,6,1,0
BRDA:80,7,0,0
BRDA:80,7,1,0
BRDA:81,8,0,0
BRDA:81,8,1,0
BRDA:103,9,0,0
BRDA:103,9,1,0
BRF:21
BRH:0
end_of_record
TN:
SF:C:\git\cattegy-git\nested-dnd\client\src\actions\CRUDAction.js
FN:16,(anonymous_0)
FN:21,(anonymous_1)
FN:24,(anonymous_2)
FN:27,(anonymous_3)
FN:30,(anonymous_4)
FN:43,setHeader
FN:58,formDataTOJson
FN:67,getResponse
FNF:8
FNH:0
FNDA:0,(anonymous_0)
FNDA:0,(anonymous_1)
FNDA:0,(anonymous_2)
FNDA:0,(anonymous_3)
FNDA:0,(anonymous_4)
FNDA:0,setHeader
FNDA:0,formDataTOJson
FNDA:0,getResponse
DA:2,0
DA:10,0
DA:15,0
DA:17,0
DA:18,0
DA:19,0
DA:22,0
DA:25,0
DA:28,0
DA:31,0
DA:44,0
DA:46,0
DA:47,0
DA:48,0
DA:50,0
DA:51,0
DA:55,0
DA:59,0
DA:61,0
DA:62,0
DA:64,0
DA:69,0
DA:70,0
DA:73,0
DA:75,0
DA:76,0
DA:78,0
DA:81,0
DA:82,0
DA:84,0
DA:85,0
DA:86,0
DA:87,0
DA:88,0
DA:89,0
DA:90,0
DA:92,0
DA:93,0
DA:97,0
DA:99,0
LF:40
LH:0
BRDA:44,0,0,0
BRDA:44,0,1,0
BRDA:44,1,0,0
BRDA:44,1,1,0
BRDA:46,2,0,0
BRDA:46,2,1,0
BRDA:47,3,0,0
BRDA:47,3,1,0
BRDA:50,4,0,0
BRDA:50,4,1,0
BRDA:55,5,0,0
BRDA:55,5,1,0
BRDA:69,6,0,0
BRDA:69,6,1,0
BRDA:75,7,0,0
BRDA:75,7,1,0
BRDA:75,8,0,0
BRDA:75,8,1,0
BRDA:81,9,0,0
BRDA:81,9,1,0
BRDA:84,10,0,0
BRDA:84,10,1,0
BRDA:85,11,0,0
BRDA:85,11,1,0
BRDA:85,12,0,0
BRDA:85,12,1,0
BRDA:86,13,0,0
BRDA:86,13,1,0
BRDA:92,14,0,0
BRDA:92,14,1,0
BRDA:97,15,0,0
BRDA:97,15,1,0
BRF:32
BRH:0
end_of_record
TN:
SF:C:\git\cattegy-git\nested-dnd\client\src\actions\ExportPackAction.js
FN:6,ExportPackAction
FN:74,definedInDependencies
FN:75,(anonymous_2)
FN:83,isInDependencies
FNF:4
FNH:0
FNDA:0,ExportPackAction
FNDA:0,definedInDependencies
FNDA:0,(anonymous_2)
FNDA:0,isInDependencies
DA:4,0
DA:7,0
DA:9,0
DA:11,0
DA:12,0
DA:13,0
DA:16,0
DA:19,0
DA:21,0
DA:22,0
DA:25,0
DA:26,0
DA:28,0
DA:32,0
DA:33,0
DA:39,0
DA:42,0
DA:43,0
DA:44,0
DA:45,0
DA:49,0
DA:50,0
DA:52,0
DA:53,0
DA:55,0
DA:56,0
DA:61,0
DA:63,0
DA:66,0
DA:68,0
DA:69,0
DA:70,0
DA:71,0
DA:75,0
DA:76,0
DA:77,0
DA:78,0
DA:80,0
DA:84,0
DA:86,0
DA:87,0
DA:88,0
DA:89,0
DA:92,0
LF:44
LH:0
BRDA:7,0,0,0
BRDA:7,0,1,0
BRDA:19,1,0,0
BRDA:19,1,1,0
BRDA:21,2,0,0
BRDA:21,2,1,0
BRDA:32,3,0,0
BRDA:32,3,1,0
BRDA:32,4,0,0
BRDA:32,4,1,0
BRDA:42,5,0,0
BRDA:42,5,1,0
BRDA:52,6,0,0
BRDA:52,6,1,0
BRDA:52,7,0,0
BRDA:52,7,1,0
BRDA:55,8,0,0
BRDA:55,8,1,0
BRDA:55,9,0,0
BRDA:55,9,1,0
BRDA:70,10,0,0
BRDA:70,10,1,0
BRDA:77,11,0,0
BRDA:77,11,1,0
BRDA:77,12,0,0
BRDA:77,12,1,0
BRDA:77,12,2,0
BRDA:84,13,0,0
BRDA:84,13,1,0
BRDA:88,14,0,0
BRDA:88,14,1,0
BRF:31
BRH:0
end_of_record
TN:
SF:C:\git\cattegy-git\nested-dnd\client\src\actions\LegacyImportAction.js
FN:35,getStoredTables
FN:37,(anonymous_1)
FN:39,(anonymous_2)
FN:47,toNewTableFormat
FN:63,(anonymous_4)
FN:71,(anonymous_5)
FN:105,storeTable
FN:110,(anonymous_7)
FN:156,(anonymous_8)
FN:240,(anonymous_9)
FN:261,(anonymous_10)
FN:272,(anonymous_11)
FN:285,(anonymous_12)
FN:297,(anonymous_13)
FN:332,processContains
FN:337,(anonymous_15)
FN:354,(anonymous_16)
FN:438,convertTable
FN:450,(anonymous_18)
FN:537,replaceTableIds
FN:549,(anonymous_20)
FN:562,sortTheStuff
FN:600,arrayUpload
FN:641,objectToArray
FNF:24
FNH:0
FNDA:0,getStoredTables
FNDA:0,(anonymous_1)
FNDA:0,(anonymous_2)
FNDA:0,toNewTableFormat
FNDA:0,(anonymous_4)
FNDA:0,(anonymous_5)
FNDA:0,storeTable
FNDA:0,(anonymous_7)
FNDA:0,(anonymous_8)
FNDA:0,(anonymous_9)
FNDA:0,(anonymous_10)
FNDA:0,(anonymous_11)
FNDA:0,(anonymous_12)
FNDA:0,(anonymous_13)
FNDA:0,processContains
FNDA:0,(anonymous_15)
FNDA:0,(anonymous_16)
FNDA:0,convertTable
FNDA:0,(anonymous_18)
FNDA:0,replaceTableIds
FNDA:0,(anonymous_20)
FNDA:0,sortTheStuff
FNDA:0,arrayUpload
FNDA:0,objectToArray
DA:7,0
DA:8,0
DA:10,0
DA:11,0
DA:15,0
DA:36,0
DA:37,0
DA:38,0
DA:39,0
DA:40,0
DA:42,0
DA:48,0
DA:52,0
DA:53,0
DA:54,0
DA:55,0
DA:57,0
DA:58,0
DA:63,0
DA:64,0
DA:67,0
DA:70,0
DA:73,0
DA:75,0
DA:77,0
DA:78,0
DA:80,0
DA:81,0
DA:83,0
DA:84,0
DA:87,0
DA:88,0
DA:90,0
DA:96,0
DA:97,0
DA:99,0
DA:100,0
DA:102,0
DA:106,0
DA:113,0
DA:114,0
DA:115,0
DA:116,0
DA:119,0
DA:120,0
DA:121,0
DA:122,0
DA:124,0
DA:126,0
DA:127,0
DA:129,0
DA:131,0
DA:132,0
DA:134,0
DA:135,0
DA:136,0
DA:137,0
DA:141,0
DA:142,0
DA:143,0
DA:144,0
DA:147,0
DA:149,0
DA:150,0
DA:159,0
DA:160,0
DA:161,0
DA:162,0
DA:164,0
DA:165,0
DA:168,0
DA:169,0
DA:173,0
DA:178,0
DA:179,0
DA:180,0
DA:181,0
DA:183,0
DA:184,0
DA:187,0
DA:191,0
DA:192,0
DA:193,0
DA:195,0
DA:197,0
DA:198,0
DA:203,0
DA:204,0
DA:205,0
DA:206,0
DA:212,0
DA:213,0
DA:215,0
DA:216,0
DA:218,0
DA:220,0
DA:221,0
DA:224,0
DA:225,0
DA:226,0
DA:229,0
DA:230,0
DA:232,0
DA:233,0
DA:234,0
DA:236,0
DA:237,0
DA:239,0
DA:240,0
DA:241,0
DA:243,0
DA:244,0
DA:245,0
DA:248,0
DA:249,0
DA:254,0
DA:257,0
DA:259,0
DA:260,0
DA:262,0
DA:263,0
DA:265,0
DA:266,0
DA:267,0
DA:270,0
DA:271,0
DA:273,0
DA:274,0
DA:276,0
DA:277,0
DA:278,0
DA:283,0
DA:284,0
DA:287,0
DA:289,0
DA:299,0
DA:300,0
DA:302,0
DA:303,0
DA:304,0
DA:308,0
DA:311,0
DA:312,0
DA:314,0
DA:315,0
DA:316,0
DA:317,0
DA:318,0
DA:319,0
DA:320,0
DA:321,0
DA:322,0
DA:327,0
DA:329,0
DA:333,0
DA:334,0
DA:337,0
DA:338,0
DA:339,0
DA:340,0
DA:344,0
DA:345,0
DA:346,0
DA:347,0
DA:348,0
DA:350,0
DA:352,0
DA:353,0
DA:354,0
DA:355,0
DA:359,0
DA:361,0
DA:362,0
DA:363,0
DA:364,0
DA:367,0
DA:369,0
DA:370,0
DA:371,0
DA:372,0
DA:373,0
DA:375,0
DA:376,0
DA:377,0
DA:378,0
DA:381,0
DA:382,0
DA:383,0
DA:388,0
DA:389,0
DA:390,0
DA:391,0
DA:392,0
DA:393,0
DA:398,0
DA:399,0
DA:401,0
DA:404,0
DA:406,0
DA:407,0
DA:408,0
DA:409,0
DA:411,0
DA:412,0
DA:414,0
DA:416,0
DA:419,0
DA:420,0
DA:421,0
DA:426,0
DA:427,0
DA:440,0
DA:443,0
DA:447,0
DA:448,0
DA:449,0
DA:450,0
DA:451,0
DA:452,0
DA:455,0
DA:460,0
DA:461,0
DA:465,0
DA:469,0
DA:470,0
DA:474,0
DA:475,0
DA:476,0
DA:477,0
DA:481,0
DA:482,0
DA:483,0
DA:486,0
DA:487,0
DA:488,0
DA:492,0
DA:493,0
DA:494,0
DA:496,0
DA:499,0
DA:500,0
DA:501,0
DA:502,0
DA:503,0
DA:504,0
DA:506,0
DA:508,0
DA:510,0
DA:511,0
DA:514,0
DA:515,0
DA:522,0
DA:523,0
DA:524,0
DA:526,0
DA:529,0
DA:533,0
DA:535,0
DA:538,0
DA:539,0
DA:540,0
DA:541,0
DA:542,0
DA:547,0
DA:549,0
DA:550,0
DA:553,0
DA:554,0
DA:557,0
DA:563,0
DA:565,0
DA:566,0
DA:567,0
DA:570,0
DA:571,0
DA:572,0
DA:573,0
DA:574,0
DA:575,0
DA:576,0
DA:579,0
DA:583,0
DA:585,0
DA:586,0
DA:587,0
DA:588,0
DA:589,0
DA:591,0
DA:594,0
DA:595,0
DA:596,0
DA:601,0
DA:603,0
DA:604,0
DA:605,0
DA:607,0
DA:608,0
DA:612,0
DA:613,0
DA:614,0
DA:615,0
DA:616,0
DA:625,0
DA:626,0
DA:627,0
DA:628,0
DA:630,0
DA:631,0
DA:635,0
DA:636,0
DA:638,0
DA:642,0
DA:643,0
DA:644,0
DA:645,0
DA:647,0
LF:316
LH:0
BRDA:36,0,0,0
BRDA:36,0,1,0
BRDA:52,1,0,0
BRDA:52,1,1,0
BRDA:53,2,0,0
BRDA:53,2,1,0
BRDA:54,3,0,0
BRDA:54,3,1,0
BRDA:55,4,0,0
BRDA:55,4,1,0
BRDA:57,5,0,0
BRDA:57,5,1,0
BRDA:78,6,0,0
BRDA:78,6,1,0
BRDA:83,7,0,0
BRDA:83,7,1,0
BRDA:91,8,0,0
BRDA:91,8,1,0
BRDA:99,9,0,0
BRDA:99,9,1,0
BRDA:121,10,0,0
BRDA:121,10,1,0
BRDA:131,11,0,0
BRDA:131,11,1,0
BRDA:135,12,0,0
BRDA:135,12,1,0
BRDA:142,13,0,0
BRDA:142,13,1,0
BRDA:149,14,0,0
BRDA:149,14,1,0
BRDA:159,15,0,0
BRDA:159,15,1,0
BRDA:179,16,0,0
BRDA:179,16,1,0
BRDA:192,17,0,0
BRDA:192,17,1,0
BRDA:197,18,0,0
BRDA:197,18,1,0
BRDA:203,19,0,0
BRDA:203,19,1,0
BRDA:218,20,0,0
BRDA:218,20,1,0
BRDA:218,21,0,0
BRDA:218,21,1,0
BRDA:220,22,0,0
BRDA:220,22,1,0
BRDA:225,23,0,0
BRDA:225,23,1,0
BRDA:230,24,0,0
BRDA:230,24,1,0
BRDA:230,25,0,0
BRDA:230,25,1,0
BRDA:232,26,0,0
BRDA:232,26,1,0
BRDA:236,27,0,0
BRDA:236,27,1,0
BRDA:239,28,0,0
BRDA:239,28,1,0
BRDA:239,29,0,0
BRDA:239,29,1,0
BRDA:241,30,0,0
BRDA:241,30,1,0
BRDA:241,31,0,0
BRDA:241,31,1,0
BRDA:241,31,2,0
BRDA:243,32,0,0
BRDA:243,32,1,0
BRDA:248,33,0,0
BRDA:248,33,1,0
BRDA:257,34,0,0
BRDA:257,34,1,0
BRDA:259,35,0,0
BRDA:259,35,1,0
BRDA:259,36,0,0
BRDA:259,36,1,0
BRDA:265,37,0,0
BRDA:265,37,1,0
BRDA:270,38,0,0
BRDA:270,38,1,0
BRDA:276,39,0,0
BRDA:276,39,1,0
BRDA:283,40,0,0
BRDA:283,40,1,0
BRDA:303,41,0,0
BRDA:303,41,1,0
BRDA:311,42,0,0
BRDA:311,42,1,0
BRDA:311,43,0,0
BRDA:311,43,1,0
BRDA:314,44,0,0
BRDA:314,44,1,0
BRDA:315,45,0,0
BRDA:315,45,1,0
BRDA:317,46,0,0
BRDA:317,46,1,0
BRDA:318,47,0,0
BRDA:318,47,1,0
BRDA:319,48,0,0
BRDA:319,48,1,0
BRDA:320,49,0,0
BRDA:320,49,1,0
BRDA:321,50,0,0
BRDA:321,50,1,0
BRDA:327,51,0,0
BRDA:327,51,1,0
BRDA:327,52,0,0
BRDA:327,52,1,0
BRDA:333,53,0,0
BRDA:333,53,1,0
BRDA:338,54,0,0
BRDA:338,54,1,0
BRDA:338,55,0,0
BRDA:338,55,1,0
BRDA:344,56,0,0
BRDA:344,56,1,0
BRDA:350,57,0,0
BRDA:350,57,1,0
BRDA:350,58,0,0
BRDA:350,58,1,0
BRDA:350,58,2,0
BRDA:350,58,3,0
BRDA:353,59,0,0
BRDA:353,59,1,0
BRDA:353,60,0,0
BRDA:353,60,1,0
BRDA:361,61,0,0
BRDA:361,61,1,0
BRDA:361,62,0,0
BRDA:361,62,1,0
BRDA:361,62,2,0
BRDA:361,62,3,0
BRDA:367,63,0,0
BRDA:367,63,1,0
BRDA:369,64,0,0
BRDA:369,64,1,0
BRDA:375,65,0,0
BRDA:375,65,1,0
BRDA:375,66,0,0
BRDA:375,66,1,0
BRDA:398,67,0,0
BRDA:398,67,1,0
BRDA:404,68,0,0
BRDA:404,68,1,0
BRDA:406,69,0,0
BRDA:406,69,1,0
BRDA:406,70,0,0
BRDA:406,70,1,0
BRDA:406,70,2,0
BRDA:408,71,0,0
BRDA:408,71,1,0
BRDA:409,72,0,0
BRDA:409,72,1,0
BRDA:411,73,0,0
BRDA:411,73,1,0
BRDA:412,74,0,0
BRDA:412,74,1,0
BRDA:414,75,0,0
BRDA:414,75,1,0
BRDA:419,76,0,0
BRDA:419,76,1,0
BRDA:419,77,0,0
BRDA:419,77,1,0
BRDA:419,77,2,0
BRDA:443,78,0,0
BRDA:443,78,1,0
BRDA:447,79,0,0
BRDA:447,79,1,0
BRDA:451,80,0,0
BRDA:451,80,1,0
BRDA:460,81,0,0
BRDA:460,81,1,0
BRDA:469,82,0,0
BRDA:469,82,1,0
BRDA:469,83,0,0
BRDA:469,83,1,0
BRDA:474,84,0,0
BRDA:474,84,1,0
BRDA:475,85,0,0
BRDA:475,85,1,0
BRDA:476,86,0,0
BRDA:476,86,1,0
BRDA:477,87,0,0
BRDA:477,87,1,0
BRDA:481,88,0,0
BRDA:481,88,1,0
BRDA:481,89,0,0
BRDA:481,89,1,0
BRDA:481,89,2,0
BRDA:486,90,0,0
BRDA:486,90,1,0
BRDA:492,91,0,0
BRDA:492,91,1,0
BRDA:493,92,0,0
BRDA:493,92,1,0
BRDA:496,93,0,0
BRDA:496,93,1,0
BRDA:499,94,0,0
BRDA:499,94,1,0
BRDA:501,95,0,0
BRDA:501,95,1,0
BRDA:503,96,0,0
BRDA:503,96,1,0
BRDA:510,97,0,0
BRDA:510,97,1,0
BRDA:514,98,0,0
BRDA:514,98,1,0
BRDA:523,99,0,0
BRDA:523,99,1,0
BRDA:524,100,0,0
BRDA:524,100,1,0
BRDA:529,101,0,0
BRDA:529,101,1,0
BRDA:529,102,0,0
BRDA:529,102,1,0
BRDA:529,102,2,0
BRDA:529,102,3,0
BRDA:529,102,4,0
BRDA:538,103,0,0
BRDA:538,103,1,0
BRDA:540,104,0,0
BRDA:540,104,1,0
BRDA:547,105,0,0
BRDA:547,105,1,0
BRDA:547,106,0,0
BRDA:547,106,1,0
BRDA:553,107,0,0
BRDA:553,107,1,0
BRDA:553,108,0,0
BRDA:553,108,1,0
BRDA:574,109,0,0
BRDA:574,109,1,0
BRDA:588,110,0,0
BRDA:588,110,1,0
BRDA:607,111,0,0
BRDA:607,111,1,0
BRDA:612,112,0,0
BRDA:612,112,1,0
BRDA:614,113,0,0
BRDA:614,113,1,0
BRDA:626,114,0,0
BRDA:626,114,1,0
BRDA:630,115,0,0
BRDA:630,115,1,0
BRF:243
BRH:0
end_of_record
TN:
SF:C:\git\cattegy-git\nested-dnd\client\src\actions\SaveThingAction.js
FN:7,SaveThingAction
FN:58,addBlankThing
FN:66,deleteThing
FN:76,updatePack
FN:85,updatePackRename
FN:111,(anonymous_5)
FN:119,updatePackDelete
FN:138,extractUpdates
FN:152,deleteIfWasAddedByUser
FNF:9
FNH:0
FNDA:0,SaveThingAction
FNDA:0,addBlankThing
FNDA:0,deleteThing
FNDA:0,updatePack
FNDA:0,updatePackRename
FNDA:0,(anonymous_5)
FNDA:0,updatePackDelete
FNDA:0,extractUpdates
FNDA:0,deleteIfWasAddedByUser
DA:4,0
DA:5,0
DA:8,0
DA:10,0
DA:11,0
DA:13,0
DA:14,0
DA:16,0
DA:17,0
DA:22,0
DA:23,0
DA:26,0
DA:27,0
DA:28,0
DA:30,0
DA:31,0
DA:33,0
DA:38,0
DA:39,0
DA:40,0
DA:43,0
DA:44,0
DA:45,0
DA:47,0
DA:48,0
DA:49,0
DA:52,0
DA:53,0
DA:55,0
DA:59,0
DA:60,0
DA:67,0
DA:69,0
DA:71,0
DA:72,0
DA:73,0
DA:77,0
DA:78,0
DA:79,0
DA:80,0
DA:82,0
DA:86,0
DA:88,0
DA:90,0
DA:93,0
DA:94,0
DA:95,0
DA:98,0
DA:101,0
DA:104,0
DA:107,0
DA:108,0
DA:109,0
DA:111,0
DA:112,0
DA:116,0
DA:121,0
DA:122,0
DA:123,0
DA:124,0
DA:126,0
DA:132,0
DA:142,0
DA:143,0
DA:145,0
DA:146,0
DA:149,0
DA:153,0
DA:154,0
DA:155,0
DA:157,0
LF:71
LH:0
BRDA:8,0,0,0
BRDA:8,0,1,0
BRDA:8,1,0,0
BRDA:8,1,1,0
BRDA:13,2,0,0
BRDA:13,2,1,0
BRDA:16,3,0,0
BRDA:16,3,1,0
BRDA:23,4,0,0
BRDA:23,4,1,0
BRDA:30,5,0,0
BRDA:30,5,1,0
BRDA:38,6,0,0
BRDA:38,6,1,0
BRDA:43,7,0,0
BRDA:43,7,1,0
BRDA:47,8,0,0
BRDA:47,8,1,0
BRDA:52,9,0,0
BRDA:52,9,1,0
BRDA:67,10,0,0
BRDA:67,10,1,0
BRDA:79,11,0,0
BRDA:79,11,1,0
BRDA:93,12,0,0
BRDA:93,12,1,0
BRDA:94,13,0,0
BRDA:94,13,1,0
BRDA:107,14,0,0
BRDA:107,14,1,0
BRDA:122,15,0,0
BRDA:122,15,1,0
BRDA:142,16,0,0
BRDA:142,16,1,0
BRDA:154,17,0,0
BRDA:154,17,1,0
BRF:36
BRH:0
end_of_record
TN:
SF:C:\git\cattegy-git\nested-dnd\client\src\components\App.js
FN:26,(anonymous_0)
FN:34,(anonymous_1)
FN:39,(anonymous_2)
FN:42,(anonymous_3)
FN:43,(anonymous_4)
FN:48,(anonymous_5)
FN:49,(anonymous_6)
FN:55,(anonymous_7)
FN:56,(anonymous_8)
FN:61,(anonymous_9)
FN:109,(anonymous_10)
FN:113,(anonymous_11)
FN:129,(anonymous_12)
FN:133,(anonymous_13)
FN:140,(anonymous_14)
FN:145,(anonymous_15)
FNF:16
FNH:0
FNDA:0,(anonymous_0)
FNDA:0,(anonymous_1)
FNDA:0,(anonymous_2)
FNDA:0,(anonymous_3)
FNDA:0,(anonymous_4)
FNDA:0,(anonymous_5)
FNDA:0,(anonymous_6)
FNDA:0,(anonymous_7)
FNDA:0,(anonymous_8)
FNDA:0,(anonymous_9)
FNDA:0,(anonymous_10)
FNDA:0,(anonymous_11)
FNDA:0,(anonymous_12)
FNDA:0,(anonymous_13)
FNDA:0,(anonymous_14)
FNDA:0,(anonymous_15)
DA:27,0
DA:28,0
DA:31,0
DA:32,0
DA:35,0
DA:40,0
DA:43,0
DA:44,0
DA:45,0
DA:49,0
DA:50,0
DA:51,0
DA:52,0
DA:56,0
DA:57,0
DA:58,0
DA:62,0
DA:109,0
DA:110,0
DA:114,0
DA:129,0
DA:130,0
DA:134,0
DA:140,0
DA:141,0
DA:142,0
DA:145,0
DA:146,0
LF:28
LH:0
BRDA:50,0,0,0
BRDA:50,0,1,0
BRDA:114,1,0,0
BRDA:114,1,1,0
BRF:4
BRH:0
end_of_record
TN:
SF:C:\git\cattegy-git\nested-dnd\client\src\components\Nav.js
FN:7,(anonymous_0)
FN:12,(anonymous_1)
FN:15,(anonymous_2)
FNF:3
FNH:0
FNDA:0,(anonymous_0)
FNDA:0,(anonymous_1)
FNDA:0,(anonymous_2)
DA:8,0
DA:13,0
DA:16,0
LF:3
LH:0
BRDA:27,0,0,0
BRDA:27,0,1,0
BRDA:37,1,0,0
BRDA:37,1,1,0
BRF:4
BRH:0
end_of_record
TN:
SF:C:\git\cattegy-git\nested-dnd\client\src\components\Settings.js
FN:11,(anonymous_0)
FN:22,(anonymous_1)
FN:33,(anonymous_2)
FN:43,(anonymous_3)
FN:47,(anonymous_4)
FN:56,(anonymous_5)
FN:65,(anonymous_6)
FN:72,(anonymous_7)
FN:73,(anonymous_8)
FN:82,(anonymous_9)
FN:86,(anonymous_10)
FN:92,(anonymous_11)
FN:147,(anonymous_12)
FN:151,(anonymous_13)
FN:162,(anonymous_14)
FN:177,(anonymous_15)
FN:180,(anonymous_16)
FN:214,(anonymous_17)
FN:224,(anonymous_18)
FN:233,(anonymous_19)
FN:237,(anonymous_20)
FN:245,(anonymous_21)
FN:250,(anonymous_22)
FN:252,(anonymous_23)
FNF:24
FNH:0
FNDA:0,(anonymous_0)
FNDA:0,(anonymous_1)
FNDA:0,(anonymous_2)
FNDA:0,(anonymous_3)
FNDA:0,(anonymous_4)
FNDA:0,(anonymous_5)
FNDA:0,(anonymous_6)
FNDA:0,(anonymous_7)
FNDA:0,(anonymous_8)
FNDA:0,(anonymous_9)
FNDA:0,(anonymous_10)
FNDA:0,(anonymous_11)
FNDA:0,(anonymous_12)
FNDA:0,(anonymous_13)
FNDA:0,(anonymous_14)
FNDA:0,(anonymous_15)
FNDA:0,(anonymous_16)
FNDA:0,(anonymous_17)
FNDA:0,(anonymous_18)
FNDA:0,(anonymous_19)
FNDA:0,(anonymous_20)
FNDA:0,(anonymous_21)
FNDA:0,(anonymous_22)
FNDA:0,(anonymous_23)
DA:12,0
DA:14,0
DA:15,0
DA:16,0
DA:17,0
DA:21,0
DA:22,0
DA:24,0
DA:32,0
DA:33,0
DA:34,0
DA:37,0
DA:38,0
DA:39,0
DA:40,0
DA:44,0
DA:48,0
DA:49,0
DA:57,0
DA:58,0
DA:59,0
DA:60,0
DA:61,0
DA:66,0
DA:67,0
DA:70,0
DA:72,0
DA:73,0
DA:74,0
DA:75,0
DA:76,0
DA:78,0
DA:85,0
DA:86,0
DA:92,0
DA:93,0
DA:97,0
DA:98,0
DA:104,0
DA:106,0
DA:107,0
DA:108,0
DA:110,0
DA:111,0
DA:114,0
DA:115,0
DA:116,0
DA:118,0
DA:119,0
DA:120,0
DA:122,0
DA:123,0
DA:124,0
DA:126,0
DA:127,0
DA:128,0
DA:129,0
DA:130,0
DA:131,0
DA:133,0
DA:141,0
DA:148,0
DA:152,0
DA:153,0
DA:154,0
DA:156,0
DA:157,0
DA:159,0
DA:160,0
DA:162,0
DA:165,0
DA:166,0
DA:167,0
DA:169,0
DA:172,0
DA:173,0
DA:174,0
DA:178,0
DA:180,0
DA:214,0
DA:225,0
DA:226,0
DA:234,0
DA:238,0
DA:239,0
DA:243,0
DA:244,0
DA:245,0
DA:248,0
DA:251,0
DA:252,0
LF:91
LH:0
BRDA:16,0,0,0
BRDA:16,0,1,0
BRDA:16,1,0,0
BRDA:16,1,1,0
BRDA:21,2,0,0
BRDA:21,2,1,0
BRDA:28,3,0,0
BRDA:28,3,1,0
BRDA:48,4,0,0
BRDA:48,4,1,0
BRDA:48,5,0,0
BRDA:48,5,1,0
BRDA:57,6,0,0
BRDA:57,6,1,0
BRDA:60,7,0,0
BRDA:60,7,1,0
BRDA:66,8,0,0
BRDA:66,8,1,0
BRDA:66,9,0,0
BRDA:66,9,1,0
BRDA:75,10,0,0
BRDA:75,10,1,0
BRDA:78,11,0,0
BRDA:78,11,1,0
BRDA:85,12,0,0
BRDA:85,12,1,0
BRDA:89,13,0,0
BRDA:89,13,1,0
BRDA:93,14,0,0
BRDA:93,14,1,0
BRDA:97,15,0,0
BRDA:97,15,1,0
BRDA:107,16,0,0
BRDA:107,16,1,0
BRDA:110,17,0,0
BRDA:110,17,1,0
BRDA:110,18,0,0
BRDA:110,18,1,0
BRDA:115,19,0,0
BRDA:115,19,1,0
BRDA:120,20,0,0
BRDA:120,20,1,0
BRDA:122,21,0,0
BRDA:122,21,1,0
BRDA:123,22,0,0
BRDA:123,22,1,0
BRDA:127,23,0,0
BRDA:127,23,1,0
BRDA:128,24,0,0
BRDA:128,24,1,0
BRDA:128,25,0,0
BRDA:128,25,1,0
BRDA:129,26,0,0
BRDA:129,26,1,0
BRDA:153,27,0,0
BRDA:153,27,1,0
BRDA:156,28,0,0
BRDA:156,28,1,0
BRDA:159,29,0,0
BRDA:159,29,1,0
BRDA:162,30,0,0
BRDA:162,30,1,0
BRDA:165,31,0,0
BRDA:165,31,1,0
BRDA:196,32,0,0
BRDA:196,32,1,0
BRDA:199,33,0,0
BRDA:199,33,1,0
BRDA:202,34,0,0
BRDA:202,34,1,0
BRDA:207,35,0,0
BRDA:207,35,1,0
BRDA:243,36,0,0
BRDA:243,36,1,0
BRF:74
BRH:0
end_of_record
TN:
SF:C:\git\cattegy-git\nested-dnd\client\src\components\Characters\Cards.js
FN:44,getDamageTypeIcon
FN:49,getDamageTypeName
FN:59,recalcFontSize
FN:67,(anonymous_3)
FN:75,(anonymous_4)
FN:82,(anonymous_5)
FN:113,(anonymous_6)
FN:150,(anonymous_7)
FN:157,(anonymous_8)
FN:166,(anonymous_9)
FN:220,(anonymous_10)
FN:274,(anonymous_11)
FN:372,(anonymous_12)
FN:478,(anonymous_13)
FN:502,(anonymous_14)
FN:516,(anonymous_15)
FN:568,(anonymous_16)
FN:581,(anonymous_17)
FN:603,(anonymous_18)
FN:605,(anonymous_19)
FNF:20
FNH:0
FNDA:0,getDamageTypeIcon
FNDA:0,getDamageTypeName
FNDA:0,recalcFontSize
FNDA:0,(anonymous_3)
FNDA:0,(anonymous_4)
FNDA:0,(anonymous_5)
FNDA:0,(anonymous_6)
FNDA:0,(anonymous_7)
FNDA:0,(anonymous_8)
FNDA:0,(anonymous_9)
FNDA:0,(anonymous_10)
FNDA:0,(anonymous_11)
FNDA:0,(anonymous_12)
FNDA:0,(anonymous_13)
FNDA:0,(anonymous_14)
FNDA:0,(anonymous_15)
FNDA:0,(anonymous_16)
FNDA:0,(anonymous_17)
FNDA:0,(anonymous_18)
FNDA:0,(anonymous_19)
DA:4,0
DA:14,0
DA:18,0
DA:20,0
DA:36,0
DA:42,0
DA:45,0
DA:46,0
DA:50,0
DA:52,0
DA:53,0
DA:54,0
DA:56,0
DA:61,0
DA:64,0
DA:65,0
DA:66,0
DA:67,0
DA:68,0
DA:70,0
DA:76,0
DA:77,0
DA:78,0
DA:79,0
DA:83,0
DA:85,0
DA:86,0
DA:87,0
DA:88,0
DA:89,0
DA:90,0
DA:92,0
DA:93,0
DA:94,0
DA:98,0
DA:101,0
DA:104,0
DA:107,0
DA:114,0
DA:115,0
DA:117,0
DA:118,0
DA:119,0
DA:120,0
DA:121,0
DA:122,0
DA:124,0
DA:126,0
DA:127,0
DA:128,0
DA:132,0
DA:135,0
DA:138,0
DA:151,0
DA:153,0
DA:156,0
DA:157,0
DA:158,0
DA:165,0
DA:166,0
DA:167,0
DA:168,0
DA:179,0
DA:183,0
DA:222,0
DA:225,0
DA:226,0
DA:227,0
DA:228,0
DA:233,0
DA:240,0
DA:244,0
DA:251,0
DA:275,0
DA:277,0
DA:278,0
DA:279,0
DA:355,0
DA:373,0
DA:374,0
DA:375,0
DA:382,0
DA:385,0
DA:386,0
DA:387,0
DA:388,0
DA:393,0
DA:447,0
DA:479,0
DA:503,0
DA:504,0
DA:505,0
DA:507,0
DA:514,0
DA:515,0
DA:516,0
DA:517,0
DA:529,0
DA:569,0
DA:570,0
DA:571,0
DA:572,0
DA:573,0
DA:574,0
DA:575,0
DA:576,0
DA:577,0
DA:578,0
DA:579,0
DA:581,0
DA:582,0
DA:583,0
DA:584,0
DA:585,0
DA:586,0
DA:587,0
DA:589,0
DA:590,0
DA:591,0
DA:592,0
DA:593,0
DA:595,0
DA:597,0
DA:604,0
DA:605,0
DA:606,0
DA:607,0
DA:608,0
DA:615,0
DA:616,0
DA:625,0
LF:131
LH:0
BRDA:45,0,0,0
BRDA:45,0,1,0
BRDA:45,1,0,0
BRDA:45,1,1,0
BRDA:50,2,0,0
BRDA:50,2,1,0
BRDA:50,3,0,0
BRDA:50,3,1,0
BRDA:53,4,0,0
BRDA:53,4,1,0
BRDA:56,5,0,0
BRDA:56,5,1,0
BRDA:64,6,0,0
BRDA:64,6,1,0
BRDA:83,7,0,0
BRDA:83,7,1,0
BRDA:90,8,0,0
BRDA:90,8,1,0
BRDA:94,9,0,0
BRDA:94,9,1,0
BRDA:95,10,0,0
BRDA:95,10,1,0
BRDA:95,10,2,0
BRDA:114,11,0,0
BRDA:114,11,1,0
BRDA:114,12,0,0
BRDA:114,12,1,0
BRDA:121,13,0,0
BRDA:121,13,1,0
BRDA:128,14,0,0
BRDA:128,14,1,0
BRDA:129,15,0,0
BRDA:129,15,1,0
BRDA:129,15,2,0
BRDA:156,16,0,0
BRDA:156,16,1,0
BRDA:156,17,0,0
BRDA:156,17,1,0
BRDA:165,18,0,0
BRDA:165,18,1,0
BRDA:167,19,0,0
BRDA:167,19,1,0
BRDA:179,20,0,0
BRDA:179,20,1,0
BRDA:181,21,0,0
BRDA:181,21,1,0
BRDA:184,22,0,0
BRDA:184,22,1,0
BRDA:184,23,0,0
BRDA:184,23,1,0
BRDA:191,24,0,0
BRDA:191,24,1,0
BRDA:202,25,0,0
BRDA:202,25,1,0
BRDA:210,26,0,0
BRDA:210,26,1,0
BRDA:226,27,0,0
BRDA:226,27,1,0
BRDA:226,28,0,0
BRDA:226,28,1,0
BRDA:228,29,0,0
BRDA:228,29,1,0
BRDA:229,30,0,0
BRDA:229,30,1,0
BRDA:229,30,2,0
BRDA:240,31,0,0
BRDA:240,31,1,0
BRDA:241,32,0,0
BRDA:241,32,1,0
BRDA:241,32,2,0
BRDA:257,33,0,0
BRDA:257,33,1,0
BRDA:278,34,0,0
BRDA:278,34,1,0
BRDA:278,35,0,0
BRDA:278,35,1,0
BRDA:278,35,2,0
BRDA:278,35,3,0
BRDA:284,36,0,0
BRDA:284,36,1,0
BRDA:297,37,0,0
BRDA:297,37,1,0
BRDA:297,38,0,0
BRDA:297,38,1,0
BRDA:305,39,0,0
BRDA:305,39,1,0
BRDA:313,40,0,0
BRDA:313,40,1,0
BRDA:313,41,0,0
BRDA:313,41,1,0
BRDA:315,42,0,0
BRDA:315,42,1,0
BRDA:318,43,0,0
BRDA:318,43,1,0
BRDA:318,44,0,0
BRDA:318,44,1,0
BRDA:318,44,2,0
BRDA:321,45,0,0
BRDA:321,45,1,0
BRDA:326,46,0,0
BRDA:326,46,1,0
BRDA:326,47,0,0
BRDA:326,47,1,0
BRDA:331,48,0,0
BRDA:331,48,1,0
BRDA:335,49,0,0
BRDA:335,49,1,0
BRDA:335,50,0,0
BRDA:335,50,1,0
BRDA:341,51,0,0
BRDA:341,51,1,0
BRDA:341,52,0,0
BRDA:341,52,1,0
BRDA:341,52,2,0
BRDA:341,52,3,0
BRDA:344,53,0,0
BRDA:344,53,1,0
BRDA:346,54,0,0
BRDA:346,54,1,0
BRDA:356,55,0,0
BRDA:356,55,1,0
BRDA:356,56,0,0
BRDA:356,56,1,0
BRDA:359,57,0,0
BRDA:359,57,1,0
BRDA:374,58,0,0
BRDA:374,58,1,0
BRDA:376,59,0,0
BRDA:376,59,1,0
BRDA:378,60,0,0
BRDA:378,60,1,0
BRDA:378,61,0,0
BRDA:378,61,1,0
BRDA:382,62,0,0
BRDA:382,62,1,0
BRDA:385,63,0,0
BRDA:385,63,1,0
BRDA:387,64,0,0
BRDA:387,64,1,0
BRDA:387,65,0,0
BRDA:387,65,1,0
BRDA:394,66,0,0
BRDA:394,66,1,0
BRDA:399,67,0,0
BRDA:399,67,1,0
BRDA:399,68,0,0
BRDA:399,68,1,0
BRDA:406,69,0,0
BRDA:406,69,1,0
BRDA:411,70,0,0
BRDA:411,70,1,0
BRDA:411,71,0,0
BRDA:411,71,1,0
BRDA:417,72,0,0
BRDA:417,72,1,0
BRDA:417,73,0,0
BRDA:417,73,1,0
BRDA:417,73,2,0
BRDA:419,74,0,0
BRDA:419,74,1,0
BRDA:421,75,0,0
BRDA:421,75,1,0
BRDA:422,76,0,0
BRDA:422,76,1,0
BRDA:424,77,0,0
BRDA:424,77,1,0
BRDA:427,78,0,0
BRDA:427,78,1,0
BRDA:427,79,0,0
BRDA:427,79,1,0
BRDA:431,80,0,0
BRDA:431,80,1,0
BRDA:434,81,0,0
BRDA:434,81,1,0
BRDA:434,82,0,0
BRDA:434,82,1,0
BRDA:434,82,2,0
BRDA:434,82,3,0
BRDA:452,83,0,0
BRDA:452,83,1,0
BRDA:458,84,0,0
BRDA:458,84,1,0
BRDA:463,85,0,0
BRDA:463,85,1,0
BRDA:463,86,0,0
BRDA:463,86,1,0
BRDA:484,87,0,0
BRDA:484,87,1,0
BRDA:488,88,0,0
BRDA:488,88,1,0
BRDA:491,89,0,0
BRDA:491,89,1,0
BRDA:495,90,0,0
BRDA:495,90,1,0
BRDA:504,91,0,0
BRDA:504,91,1,0
BRDA:508,92,0,0
BRDA:508,92,1,0
BRDA:510,93,0,0
BRDA:510,93,1,0
BRDA:510,94,0,0
BRDA:510,94,1,0
BRDA:514,95,0,0
BRDA:514,95,1,0
BRDA:515,96,0,0
BRDA:515,96,1,0
BRDA:515,97,0,0
BRDA:515,97,1,0
BRDA:534,98,0,0
BRDA:534,98,1,0
BRDA:536,99,0,0
BRDA:536,99,1,0
BRDA:536,100,0,0
BRDA:536,100,1,0
BRDA:573,101,0,0
BRDA:573,101,1,0
BRDA:582,102,0,0
BRDA:582,102,1,0
BRDA:583,103,0,0
BRDA:583,103,1,0
BRDA:584,104,0,0
BRDA:584,104,1,0
BRDA:586,105,0,0
BRDA:586,105,1,0
BRDA:589,106,0,0
BRDA:589,106,1,0
BRDA:590,107,0,0
BRDA:590,107,1,0
BRDA:592,108,0,0
BRDA:592,108,1,0
BRDA:606,109,0,0
BRDA:606,109,1,0
BRDA:607,110,0,0
BRDA:607,110,1,0
BRDA:615,111,0,0
BRDA:615,111,1,0
BRF:236
BRH:0
end_of_record
TN:
SF:C:\git\cattegy-git\nested-dnd\client\src\components\Characters\CharacterSettings.js
FN:5,(anonymous_0)
FNF:1
FNH:0
FNDA:0,(anonymous_0)
DA:6,0
LF:1
LH:0
BRF:0
BRH:0
end_of_record
TN:
SF:C:\git\cattegy-git\nested-dnd\client\src\components\Characters\Characters.js
FN:15,(anonymous_0)
FN:24,(anonymous_1)
FN:26,(anonymous_2)
FN:30,(anonymous_3)
FN:44,(anonymous_4)
FN:52,(anonymous_5)
FN:59,(anonymous_6)
FN:66,(anonymous_7)
FN:93,(anonymous_8)
FN:100,(anonymous_9)
FN:115,(anonymous_10)
FN:119,(anonymous_11)
FN:122,(anonymous_12)
FNF:13
FNH:0
FNDA:0,(anonymous_0)
FNDA:0,(anonymous_1)
FNDA:0,(anonymous_2)
FNDA:0,(anonymous_3)
FNDA:0,(anonymous_4)
FNDA:0,(anonymous_5)
FNDA:0,(anonymous_6)
FNDA:0,(anonymous_7)
FNDA:0,(anonymous_8)
FNDA:0,(anonymous_9)
FNDA:0,(anonymous_10)
FNDA:0,(anonymous_11)
FNDA:0,(anonymous_12)
DA:16,0
DA:17,0
DA:21,0
DA:22,0
DA:25,0
DA:26,0
DA:27,0
DA:31,0
DA:32,0
DA:33,0
DA:36,0
DA:37,0
DA:38,0
DA:39,0
DA:45,0
DA:46,0
DA:47,0
DA:53,0
DA:54,0
DA:60,0
DA:67,0
DA:94,0
DA:101,0
DA:116,0
DA:117,0
DA:120,0
DA:123,0
DA:124,0
LF:28
LH:0
BRDA:32,0,0,0
BRDA:32,0,1,0
BRDA:32,1,0,0
BRDA:32,1,1,0
BRDA:36,2,0,0
BRDA:36,2,1,0
BRDA:36,3,0,0
BRDA:36,3,1,0
BRDA:132,4,0,0
BRDA:132,4,1,0
BRF:10
BRH:0
end_of_record
TN:
SF:C:\git\cattegy-git\nested-dnd\client\src\components\Characters\ClassInfo.js
FN:8,(anonymous_0)
FN:14,(anonymous_1)
FN:22,(anonymous_2)
FN:25,(anonymous_3)
FN:33,(anonymous_4)
FN:36,(anonymous_5)
FN:50,(anonymous_6)
FN:81,(anonymous_7)
FN:128,(anonymous_8)
FN:133,(anonymous_9)
FN:141,(anonymous_10)
FN:149,(anonymous_11)
FN:158,(anonymous_12)
FN:165,(anonymous_13)
FN:169,(anonymous_14)
FN:172,(anonymous_15)
FNF:16
FNH:0
FNDA:0,(anonymous_0)
FNDA:0,(anonymous_1)
FNDA:0,(anonymous_2)
FNDA:0,(anonymous_3)
FNDA:0,(anonymous_4)
FNDA:0,(anonymous_5)
FNDA:0,(anonymous_6)
FNDA:0,(anonymous_7)
FNDA:0,(anonymous_8)
FNDA:0,(anonymous_9)
FNDA:0,(anonymous_10)
FNDA:0,(anonymous_11)
FNDA:0,(anonymous_12)
FNDA:0,(anonymous_13)
FNDA:0,(anonymous_14)
FNDA:0,(anonymous_15)
DA:9,0
DA:10,0
DA:11,0
DA:12,0
DA:15,0
DA:23,0
DA:26,0
DA:34,0
DA:35,0
DA:36,0
DA:37,0
DA:51,0
DA:52,0
DA:53,0
DA:82,0
DA:129,0
DA:130,0
DA:131,0
DA:134,0
DA:142,0
DA:150,0
DA:154,0
DA:156,0
DA:159,0
DA:166,0
DA:169,0
DA:173,0
LF:27
LH:0
BRDA:34,0,0,0
BRDA:34,0,1,0
BRDA:52,1,0,0
BRDA:52,1,1,0
BRDA:58,2,0,0
BRDA:58,2,1,0
BRDA:64,3,0,0
BRDA:64,3,1,0
BRDA:110,4,0,0
BRDA:110,4,1,0
BRDA:154,5,0,0
BRDA:154,5,1,0
BRF:12
BRH:0
end_of_record
TN:
SF:C:\git\cattegy-git\nested-dnd\client\src\components\Characters\EditCharacter.js
FN:52,FieldGroup
FN:68,(anonymous_1)
FN:74,(anonymous_2)
FN:79,(anonymous_3)
FN:84,(anonymous_4)
FN:108,(anonymous_5)
FN:133,(anonymous_6)
FN:141,(anonymous_7)
FN:163,(anonymous_8)
FN:186,(anonymous_9)
FN:225,(anonymous_10)
FN:231,(anonymous_11)
FN:237,(anonymous_12)
FN:241,(anonymous_13)
FN:248,(anonymous_14)
FN:257,(anonymous_15)
FN:259,(anonymous_16)
FN:281,(anonymous_17)
FN:290,(anonymous_18)
FN:317,(anonymous_19)
FN:331,(anonymous_20)
FN:339,(anonymous_21)
FN:370,(anonymous_22)
FN:382,(anonymous_23)
FN:396,(anonymous_24)
FN:410,(anonymous_25)
FN:436,(anonymous_26)
FN:491,(anonymous_27)
FNF:28
FNH:0
FNDA:0,FieldGroup
FNDA:0,(anonymous_1)
FNDA:0,(anonymous_2)
FNDA:0,(anonymous_3)
FNDA:0,(anonymous_4)
FNDA:0,(anonymous_5)
FNDA:0,(anonymous_6)
FNDA:0,(anonymous_7)
FNDA:0,(anonymous_8)
FNDA:0,(anonymous_9)
FNDA:0,(anonymous_10)
FNDA:0,(anonymous_11)
FNDA:0,(anonymous_12)
FNDA:0,(anonymous_13)
FNDA:0,(anonymous_14)
FNDA:0,(anonymous_15)
FNDA:0,(anonymous_16)
FNDA:0,(anonymous_17)
FNDA:0,(anonymous_18)
FNDA:0,(anonymous_19)
FNDA:0,(anonymous_20)
FNDA:0,(anonymous_21)
FNDA:0,(anonymous_22)
FNDA:0,(anonymous_23)
FNDA:0,(anonymous_24)
FNDA:0,(anonymous_25)
FNDA:0,(anonymous_26)
FNDA:0,(anonymous_27)
DA:24,0
DA:36,0
DA:53,0
DA:69,0
DA:75,0
DA:80,0
DA:81,0
DA:82,0
DA:85,0
DA:87,0
DA:90,0
DA:91,0
DA:92,0
DA:94,0
DA:95,0
DA:96,0
DA:101,0
DA:102,0
DA:103,0
DA:104,0
DA:105,0
DA:108,0
DA:109,0
DA:111,0
DA:113,0
DA:114,0
DA:115,0
DA:117,0
DA:118,0
DA:119,0
DA:120,0
DA:121,0
DA:122,0
DA:124,0
DA:126,0
DA:131,0
DA:134,0
DA:135,0
DA:139,0
DA:142,0
DA:143,0
DA:145,0
DA:164,0
DA:187,0
DA:226,0
DA:232,0
DA:238,0
DA:239,0
DA:242,0
DA:249,0
DA:258,0
DA:260,0
DA:265,0
DA:266,0
DA:270,0
DA:271,0
DA:272,0
DA:275,0
DA:282,0
DA:288,0
DA:291,0
DA:292,0
DA:298,0
DA:318,0
DA:327,0
DA:332,0
DA:340,0
DA:371,0
DA:383,0
DA:397,0
DA:411,0
DA:437,0
DA:492,0
LF:73
LH:0
BRDA:59,0,0,0
BRDA:59,0,1,0
BRDA:87,1,0,0
BRDA:87,1,1,0
BRDA:90,2,0,0
BRDA:90,2,1,0
BRDA:92,3,0,0
BRDA:92,3,1,0
BRDA:94,4,0,0
BRDA:94,4,1,0
BRDA:104,5,0,0
BRDA:104,5,1,0
BRDA:105,6,0,0
BRDA:105,6,1,0
BRDA:105,7,0,0
BRDA:105,7,1,0
BRDA:109,8,0,0
BRDA:109,8,1,0
BRDA:111,9,0,0
BRDA:111,9,1,0
BRDA:113,10,0,0
BRDA:113,10,1,0
BRDA:117,11,0,0
BRDA:117,11,1,0
BRDA:120,12,0,0
BRDA:120,12,1,0
BRDA:121,13,0,0
BRDA:121,13,1,0
BRDA:143,14,0,0
BRDA:143,14,1,0
BRDA:159,15,0,0
BRDA:159,15,1,0
BRDA:257,16,0,0
BRDA:258,17,0,0
BRDA:258,17,1,0
BRDA:258,18,0,0
BRDA:258,18,1,0
BRDA:266,19,0,0
BRDA:266,19,1,0
BRDA:270,20,0,0
BRDA:270,20,1,0
BRDA:271,21,0,0
BRDA:271,21,1,0
BRDA:271,22,0,0
BRDA:271,22,1,0
BRDA:291,23,0,0
BRDA:291,23,1,0
BRDA:308,24,0,0
BRDA:308,24,1,0
BRDA:322,25,0,0
BRDA:322,25,1,0
BRDA:323,26,0,0
BRDA:323,26,1,0
BRDA:369,27,0,0
BRDA:369,27,1,0
BRF:55
BRH:0
end_of_record
TN:
SF:C:\git\cattegy-git\nested-dnd\client\src\components\Characters\CharacterSheet\CharSheetData.js
FN:14,(anonymous_0)
FN:25,(anonymous_1)
FN:93,(anonymous_2)
FN:98,(anonymous_3)
FN:141,(anonymous_4)
FN:146,(anonymous_5)
FN:164,(anonymous_6)
FN:171,(anonymous_7)
FN:172,(anonymous_8)
FN:188,(anonymous_9)
FN:211,(anonymous_10)
FN:221,(anonymous_11)
FN:227,(anonymous_12)
FN:232,(anonymous_13)
FN:277,(anonymous_14)
FN:283,(anonymous_15)
FNF:16
FNH:0
FNDA:0,(anonymous_0)
FNDA:0,(anonymous_1)
FNDA:0,(anonymous_2)
FNDA:0,(anonymous_3)
FNDA:0,(anonymous_4)
FNDA:0,(anonymous_5)
FNDA:0,(anonymous_6)
FNDA:0,(anonymous_7)
FNDA:0,(anonymous_8)
FNDA:0,(anonymous_9)
FNDA:0,(anonymous_10)
FNDA:0,(anonymous_11)
FNDA:0,(anonymous_12)
FNDA:0,(anonymous_13)
FNDA:0,(anonymous_14)
FNDA:0,(anonymous_15)
DA:15,0
DA:26,0
DA:94,0
DA:99,0
DA:142,0
DA:147,0
DA:148,0
DA:149,0
DA:150,0
DA:152,0
DA:159,0
DA:165,0
DA:172,0
DA:173,0
DA:174,0
DA:175,0
DA:176,0
DA:178,0
DA:185,0
DA:189,0
DA:190,0
DA:212,0
DA:222,0
DA:230,0
DA:231,0
DA:232,0
DA:233,0
DA:235,0
DA:236,0
DA:237,0
DA:239,0
DA:240,0
DA:244,0
DA:278,0
DA:284,0
LF:35
LH:0
BRDA:33,0,0,0
BRDA:33,0,1,0
BRDA:33,1,0,0
BRDA:33,1,1,0
BRDA:150,2,0,0
BRDA:150,2,1,0
BRDA:176,3,0,0
BRDA:176,3,1,0
BRDA:209,4,0,0
BRDA:209,4,1,0
BRDA:233,5,0,0
BRDA:233,5,1,0
BRDA:236,6,0,0
BRDA:236,6,1,0
BRDA:240,7,0,0
BRDA:240,7,1,0
BRDA:253,8,0,0
BRDA:253,8,1,0
BRDA:259,9,0,0
BRDA:259,9,1,0
BRDA:265,10,0,0
BRDA:265,10,1,0
BRF:22
BRH:0
end_of_record
TN:
SF:C:\git\cattegy-git\nested-dnd\client\src\components\Characters\CharacterSheet\CharSheetDesc.js
FN:7,(anonymous_0)
FN:15,(anonymous_1)
FN:23,(anonymous_2)
FN:41,(anonymous_3)
FN:50,(anonymous_4)
FN:56,(anonymous_5)
FN:75,(anonymous_6)
FN:96,(anonymous_7)
FN:105,(anonymous_8)
FNF:9
FNH:0
FNDA:0,(anonymous_0)
FNDA:0,(anonymous_1)
FNDA:0,(anonymous_2)
FNDA:0,(anonymous_3)
FNDA:0,(anonymous_4)
FNDA:0,(anonymous_5)
FNDA:0,(anonymous_6)
FNDA:0,(anonymous_7)
FNDA:0,(anonymous_8)
DA:8,0
DA:16,0
DA:24,0
DA:25,0
DA:26,0
DA:28,0
DA:30,0
DA:42,0
DA:51,0
DA:57,0
DA:58,0
DA:76,0
DA:77,0
DA:97,0
DA:106,0
DA:107,0
DA:113,0
LF:17
LH:0
BRDA:28,0,0,0
BRDA:28,0,1,0
BRDA:28,1,0,0
BRDA:28,1,1,0
BRDA:28,1,2,0
BRDA:35,2,0,0
BRDA:35,2,1,0
BRDA:38,3,0,0
BRDA:38,3,1,0
BRDA:57,4,0,0
BRDA:57,4,1,0
BRDA:85,5,0,0
BRDA:85,5,1,0
BRDA:91,6,0,0
BRDA:91,6,1,0
BRDA:106,7,0,0
BRDA:106,7,1,0
BRDA:115,8,0,0
BRDA:115,8,1,0
BRDA:116,9,0,0
BRDA:116,9,1,0
BRF:21
BRH:0
end_of_record
TN:
SF:C:\git\cattegy-git\nested-dnd\client\src\components\Characters\CharacterSheet\CharSheetNumbers.js
FN:6,(anonymous_0)
FN:7,(anonymous_1)
FN:20,(anonymous_2)
FN:41,(anonymous_3)
FN:61,(anonymous_4)
FN:82,(anonymous_5)
FN:96,(anonymous_6)
FN:107,(anonymous_7)
FN:125,(anonymous_8)
FNF:9
FNH:0
FNDA:0,(anonymous_0)
FNDA:0,(anonymous_1)
FNDA:0,(anonymous_2)
FNDA:0,(anonymous_3)
FNDA:0,(anonymous_4)
FNDA:0,(anonymous_5)
FNDA:0,(anonymous_6)
FNDA:0,(anonymous_7)
FNDA:0,(anonymous_8)
DA:7,0
DA:8,0
DA:21,0
DA:22,0
DA:42,0
DA:43,0
DA:62,0
DA:63,0
DA:83,0
DA:97,0
DA:108,0
DA:126,0
LF:12
LH:0
BRDA:14,0,0,0
BRDA:14,0,1,0
BRDA:73,1,0,0
BRDA:73,1,1,0
BRF:4
BRH:0
end_of_record
TN:
SF:C:\git\cattegy-git\nested-dnd\client\src\components\Characters\CharacterSheet\CharSheetSpells.js
FN:6,(anonymous_0)
FN:7,(anonymous_1)
FN:19,(anonymous_2)
FN:31,(anonymous_3)
FN:48,(anonymous_4)
FN:67,(anonymous_5)
FN:100,(anonymous_6)
FN:101,(anonymous_7)
FN:102,(anonymous_8)
FN:126,(anonymous_9)
FNF:10
FNH:0
FNDA:0,(anonymous_0)
FNDA:0,(anonymous_1)
FNDA:0,(anonymous_2)
FNDA:0,(anonymous_3)
FNDA:0,(anonymous_4)
FNDA:0,(anonymous_5)
FNDA:0,(anonymous_6)
FNDA:0,(anonymous_7)
FNDA:0,(anonymous_8)
FNDA:0,(anonymous_9)
DA:7,0
DA:8,0
DA:9,0
DA:11,0
DA:12,0
DA:20,0
DA:21,0
DA:22,0
DA:32,0
DA:33,0
DA:35,0
DA:49,0
DA:68,0
DA:70,0
DA:71,0
DA:73,0
DA:101,0
DA:102,0
DA:103,0
DA:114,0
DA:127,0
DA:129,0
DA:131,0
LF:23
LH:0
BRDA:6,0,0,0
BRDA:8,1,0,0
BRDA:8,1,1,0
BRDA:8,2,0,0
BRDA:8,2,1,0
BRDA:8,2,2,0
BRDA:20,3,0,0
BRDA:20,3,1,0
BRDA:33,4,0,0
BRDA:33,4,1,0
BRDA:76,5,0,0
BRDA:76,5,1,0
BRDA:76,6,0,0
BRDA:76,6,1,0
BRDA:106,7,0,0
BRDA:106,7,1,0
BRDA:106,8,0,0
BRDA:106,8,1,0
BRDA:110,9,0,0
BRDA:110,9,1,0
BRDA:110,10,0,0
BRDA:110,10,1,0
BRDA:129,11,0,0
BRDA:129,11,1,0
BRDA:134,12,0,0
BRDA:134,12,1,0
BRDA:141,13,0,0
BRDA:141,13,1,0
BRDA:163,14,0,0
BRDA:163,14,1,0
BRF:30
BRH:0
end_of_record
TN:
SF:C:\git\cattegy-git\nested-dnd\client\src\components\Characters\CharacterSheet\CharacterSheet.js
FN:19,(anonymous_0)
FN:24,(anonymous_1)
FN:29,(anonymous_2)
FN:39,(anonymous_3)
FN:44,(anonymous_4)
FN:134,(anonymous_5)
FN:141,(anonymous_6)
FN:148,(anonymous_7)
FN:158,(anonymous_8)
FN:178,(anonymous_9)
FN:184,(anonymous_10)
FN:198,(anonymous_11)
FNF:12
FNH:0
FNDA:0,(anonymous_0)
FNDA:0,(anonymous_1)
FNDA:0,(anonymous_2)
FNDA:0,(anonymous_3)
FNDA:0,(anonymous_4)
FNDA:0,(anonymous_5)
FNDA:0,(anonymous_6)
FNDA:0,(anonymous_7)
FNDA:0,(anonymous_8)
FNDA:0,(anonymous_9)
FNDA:0,(anonymous_10)
FNDA:0,(anonymous_11)
DA:15,0
DA:16,0
DA:20,0
DA:25,0
DA:30,0
DA:40,0
DA:45,0
DA:46,0
DA:47,0
DA:48,0
DA:51,0
DA:52,0
DA:135,0
DA:142,0
DA:149,0
DA:159,0
DA:179,0
DA:185,0
DA:186,0
DA:188,0
DA:199,0
LF:21
LH:0
BRDA:47,0,0,0
BRDA:47,0,1,0
BRDA:51,1,0,0
BRDA:51,1,1,0
BRDA:96,2,0,0
BRDA:96,2,1,0
BRDA:96,3,0,0
BRDA:96,3,1,0
BRDA:105,4,0,0
BRDA:105,4,1,0
BRDA:105,5,0,0
BRDA:105,5,1,0
BRDA:111,6,0,0
BRDA:111,6,1,0
BRDA:111,7,0,0
BRDA:111,7,1,0
BRDA:119,8,0,0
BRDA:119,8,1,0
BRDA:119,9,0,0
BRDA:119,9,1,0
BRDA:152,10,0,0
BRDA:152,10,1,0
BRDA:162,11,0,0
BRDA:162,11,1,0
BRDA:165,12,0,0
BRDA:165,12,1,0
BRDA:185,13,0,0
BRDA:185,13,1,0
BRDA:193,14,0,0
BRDA:193,14,1,0
BRDA:195,15,0,0
BRDA:195,15,1,0
BRF:32
BRH:0
end_of_record
TN:
SF:C:\git\cattegy-git\nested-dnd\client\src\components\Generators\EditGenerator.js
FN:12,(anonymous_0)
FN:19,(anonymous_1)
FN:24,(anonymous_2)
FN:32,(anonymous_3)
FN:38,(anonymous_4)
FN:44,(anonymous_5)
FN:45,(anonymous_6)
FN:49,(anonymous_7)
FNF:8
FNH:0
FNDA:0,(anonymous_0)
FNDA:0,(anonymous_1)
FNDA:0,(anonymous_2)
FNDA:0,(anonymous_3)
FNDA:0,(anonymous_4)
FNDA:0,(anonymous_5)
FNDA:0,(anonymous_6)
FNDA:0,(anonymous_7)
DA:13,0
DA:20,0
DA:21,0
DA:22,0
DA:25,0
DA:26,0
DA:27,0
DA:28,0
DA:29,0
DA:31,0
DA:32,0
DA:33,0
DA:34,0
DA:38,0
DA:39,0
DA:40,0
DA:45,0
DA:46,0
DA:50,0
DA:51,0
DA:53,0
LF:21
LH:0
BRDA:31,0,0,0
BRDA:31,0,1,0
BRDA:33,1,0,0
BRDA:33,1,1,0
BRDA:39,2,0,0
BRDA:39,2,1,0
BRDA:51,3,0,0
BRDA:51,3,1,0
BRDA:55,4,0,0
BRDA:55,4,1,0
BRF:10
BRH:0
end_of_record
TN:
SF:C:\git\cattegy-git\nested-dnd\client\src\components\Nested\Ancestors.js
FN:7,(anonymous_0)
FN:12,(anonymous_1)
FN:27,(anonymous_2)
FN:34,(anonymous_3)
FN:43,(anonymous_4)
FNF:5
FNH:0
FNDA:0,(anonymous_0)
FNDA:0,(anonymous_1)
FNDA:0,(anonymous_2)
FNDA:0,(anonymous_3)
FNDA:0,(anonymous_4)
DA:8,0
DA:9,0
DA:10,0
DA:13,0
DA:14,0
DA:16,0
DA:17,0
DA:18,0
DA:21,0
DA:22,0
DA:23,0
DA:24,0
DA:25,0
DA:27,0
DA:30,0
DA:32,0
DA:34,0
DA:41,0
DA:43,0
DA:49,0
LF:20
LH:0
BRDA:13,0,0,0
BRDA:13,0,1,0
BRDA:21,1,0,0
BRDA:21,1,1,0
BRF:4
BRH:0
end_of_record
TN:
SF:C:\git\cattegy-git\nested-dnd\client\src\components\Nested\Nested.js
FN:15,(anonymous_0)
FN:23,(anonymous_1)
FN:34,(anonymous_2)
FN:42,(anonymous_3)
FN:51,(anonymous_4)
FN:55,(anonymous_5)
FN:59,(anonymous_6)
FN:65,(anonymous_7)
FN:105,(anonymous_8)
FN:136,(anonymous_9)
FN:152,(anonymous_10)
FN:202,(anonymous_11)
FNF:12
FNH:0
FNDA:0,(anonymous_0)
FNDA:0,(anonymous_1)
FNDA:0,(anonymous_2)
FNDA:0,(anonymous_3)
FNDA:0,(anonymous_4)
FNDA:0,(anonymous_5)
FNDA:0,(anonymous_6)
FNDA:0,(anonymous_7)
FNDA:0,(anonymous_8)
FNDA:0,(anonymous_9)
FNDA:0,(anonymous_10)
FNDA:0,(anonymous_11)
DA:12,0
DA:16,0
DA:17,0
DA:24,0
DA:25,0
DA:26,0
DA:27,0
DA:35,0
DA:37,0
DA:38,0
DA:39,0
DA:42,0
DA:43,0
DA:44,0
DA:47,0
DA:52,0
DA:53,0
DA:56,0
DA:58,0
DA:59,0
DA:60,0
DA:61,0
DA:66,0
DA:68,0
DA:71,0
DA:72,0
DA:73,0
DA:76,0
DA:77,0
DA:78,0
DA:80,0
DA:84,0
DA:85,0
DA:86,0
DA:87,0
DA:88,0
DA:89,0
DA:91,0
DA:92,0
DA:94,0
DA:95,0
DA:98,0
DA:100,0
DA:101,0
DA:103,0
DA:109,0
DA:110,0
DA:111,0
DA:112,0
DA:114,0
DA:117,0
DA:118,0
DA:121,0
DA:122,0
DA:123,0
DA:125,0
DA:129,0
DA:130,0
DA:132,0
DA:134,0
DA:137,0
DA:138,0
DA:139,0
DA:140,0
DA:154,0
DA:155,0
DA:156,0
DA:158,0
DA:159,0
DA:160,0
DA:161,0
DA:162,0
DA:163,0
DA:164,0
DA:165,0
DA:166,0
DA:169,0
DA:170,0
DA:177,0
DA:178,0
DA:179,0
DA:181,0
DA:188,0
DA:189,0
DA:197,0
DA:202,0
LF:86
LH:0
BRDA:26,0,0,0
BRDA:26,0,1,0
BRDA:26,1,0,0
BRDA:26,1,1,0
BRDA:26,1,2,0
BRDA:37,2,0,0
BRDA:37,2,1,0
BRDA:52,3,0,0
BRDA:52,3,1,0
BRDA:60,4,0,0
BRDA:60,4,1,0
BRDA:60,5,0,0
BRDA:60,5,1,0
BRDA:71,6,0,0
BRDA:71,6,1,0
BRDA:72,7,0,0
BRDA:72,7,1,0
BRDA:77,8,0,0
BRDA:77,8,1,0
BRDA:86,9,0,0
BRDA:86,9,1,0
BRDA:91,10,0,0
BRDA:91,10,1,0
BRDA:94,11,0,0
BRDA:94,11,1,0
BRDA:109,12,0,0
BRDA:109,12,1,0
BRDA:111,13,0,0
BRDA:111,13,1,0
BRDA:111,14,0,0
BRDA:111,14,1,0
BRDA:117,15,0,0
BRDA:117,15,1,0
BRDA:122,16,0,0
BRDA:122,16,1,0
BRDA:129,17,0,0
BRDA:129,17,1,0
BRDA:137,18,0,0
BRDA:137,18,1,0
BRDA:151,19,0,0
BRDA:151,19,1,0
BRDA:154,20,0,0
BRDA:154,20,1,0
BRDA:159,21,0,0
BRDA:159,21,1,0
BRDA:159,22,0,0
BRDA:159,22,1,0
BRDA:169,23,0,0
BRDA:169,23,1,0
BRDA:169,24,0,0
BRDA:169,24,1,0
BRDA:169,24,2,0
BRDA:172,25,0,0
BRDA:172,25,1,0
BRDA:178,26,0,0
BRDA:178,26,1,0
BRDA:179,27,0,0
BRDA:179,27,1,0
BRDA:188,28,0,0
BRDA:188,28,1,0
BRF:60
BRH:0
end_of_record
TN:
SF:C:\git\cattegy-git\nested-dnd\client\src\components\Packs\EditPack.js
FN:14,(anonymous_0)
FN:20,(anonymous_1)
FN:25,(anonymous_2)
FN:38,(anonymous_3)
FN:43,(anonymous_4)
FN:48,(anonymous_5)
FN:49,(anonymous_6)
FN:53,(anonymous_7)
FNF:8
FNH:0
FNDA:0,(anonymous_0)
FNDA:0,(anonymous_1)
FNDA:0,(anonymous_2)
FNDA:0,(anonymous_3)
FNDA:0,(anonymous_4)
FNDA:0,(anonymous_5)
FNDA:0,(anonymous_6)
FNDA:0,(anonymous_7)
DA:15,0
DA:21,0
DA:22,0
DA:23,0
DA:26,0
DA:27,0
DA:28,0
DA:29,0
DA:31,0
DA:32,0
DA:34,0
DA:37,0
DA:38,0
DA:39,0
DA:43,0
DA:44,0
DA:49,0
DA:50,0
DA:54,0
DA:55,0
DA:57,0
LF:21
LH:0
BRDA:31,0,0,0
BRDA:31,0,1,0
BRDA:37,1,0,0
BRDA:37,1,1,0
BRDA:55,2,0,0
BRDA:55,2,1,0
BRDA:59,3,0,0
BRDA:59,3,1,0
BRF:8
BRH:0
end_of_record
TN:
SF:C:\git\cattegy-git\nested-dnd\client\src\components\Packs\ExplorePack.js
FN:14,(anonymous_0)
FN:20,(anonymous_1)
FN:32,(anonymous_2)
FN:36,(anonymous_3)
FN:45,(anonymous_4)
FN:55,(anonymous_5)
FN:61,(anonymous_6)
FN:65,(anonymous_7)
FN:86,(anonymous_8)
FN:102,(anonymous_9)
FN:114,(anonymous_10)
FN:123,(anonymous_11)
FN:124,(anonymous_12)
FN:130,(anonymous_13)
FN:143,(anonymous_14)
FN:153,(anonymous_15)
FN:160,(anonymous_16)
FN:168,(anonymous_17)
FN:195,(anonymous_18)
FN:210,(anonymous_19)
FN:214,(anonymous_20)
FN:217,(anonymous_21)
FN:222,(anonymous_22)
FN:235,(anonymous_23)
FN:248,(anonymous_24)
FN:254,(anonymous_25)
FN:258,(anonymous_26)
FN:262,(anonymous_27)
FN:274,(anonymous_28)
FN:278,(anonymous_29)
FN:285,(anonymous_30)
FN:293,(anonymous_31)
FNF:32
FNH:0
FNDA:0,(anonymous_0)
FNDA:0,(anonymous_1)
FNDA:0,(anonymous_2)
FNDA:0,(anonymous_3)
FNDA:0,(anonymous_4)
FNDA:0,(anonymous_5)
FNDA:0,(anonymous_6)
FNDA:0,(anonymous_7)
FNDA:0,(anonymous_8)
FNDA:0,(anonymous_9)
FNDA:0,(anonymous_10)
FNDA:0,(anonymous_11)
FNDA:0,(anonymous_12)
FNDA:0,(anonymous_13)
FNDA:0,(anonymous_14)
FNDA:0,(anonymous_15)
FNDA:0,(anonymous_16)
FNDA:0,(anonymous_17)
FNDA:0,(anonymous_18)
FNDA:0,(anonymous_19)
FNDA:0,(anonymous_20)
FNDA:0,(anonymous_21)
FNDA:0,(anonymous_22)
FNDA:0,(anonymous_23)
FNDA:0,(anonymous_24)
FNDA:0,(anonymous_25)
FNDA:0,(anonymous_26)
FNDA:0,(anonymous_27)
FNDA:0,(anonymous_28)
FNDA:0,(anonymous_29)
FNDA:0,(anonymous_30)
FNDA:0,(anonymous_31)
DA:8,0
DA:15,0
DA:21,0
DA:22,0
DA:27,0
DA:28,0
DA:29,0
DA:33,0
DA:35,0
DA:37,0
DA:38,0
DA:39,0
DA:40,0
DA:46,0
DA:48,0
DA:49,0
DA:50,0
DA:56,0
DA:58,0
DA:62,0
DA:67,0
DA:68,0
DA:70,0
DA:71,0
DA:74,0
DA:84,0
DA:85,0
DA:88,0
DA:89,0
DA:91,0
DA:92,0
DA:94,0
DA:103,0
DA:105,0
DA:106,0
DA:107,0
DA:109,0
DA:110,0
DA:115,0
DA:119,0
DA:122,0
DA:123,0
DA:125,0
DA:126,0
DA:131,0
DA:133,0
DA:134,0
DA:135,0
DA:137,0
DA:140,0
DA:144,0
DA:147,0
DA:149,0
DA:154,0
DA:161,0
DA:169,0
DA:171,0
DA:173,0
DA:175,0
DA:196,0
DA:197,0
DA:198,0
DA:199,0
DA:201,0
DA:211,0
DA:212,0
DA:215,0
DA:218,0
DA:220,0
DA:222,0
DA:223,0
DA:224,0
DA:225,0
DA:230,0
DA:231,0
DA:234,0
DA:235,0
DA:239,0
DA:243,0
DA:249,0
DA:255,0
DA:256,0
DA:259,0
DA:260,0
DA:263,0
DA:265,0
DA:267,0
DA:268,0
DA:270,0
DA:272,0
DA:274,0
DA:275,0
DA:277,0
DA:278,0
DA:283,0
DA:285,0
DA:293,0
DA:300,0
DA:306,0
DA:308,0
LF:100
LH:0
BRDA:40,0,0,0
BRDA:40,0,1,0
BRDA:46,1,0,0
BRDA:46,1,1,0
BRDA:46,2,0,0
BRDA:46,2,1,0
BRDA:49,3,0,0
BRDA:49,3,1,0
BRDA:62,4,0,0
BRDA:62,4,1,0
BRDA:67,5,0,0
BRDA:67,5,1,0
BRDA:71,6,0,0
BRDA:71,6,1,0
BRDA:84,7,0,0
BRDA:84,7,1,0
BRDA:91,8,0,0
BRDA:91,8,1,0
BRDA:103,9,0,0
BRDA:103,9,1,0
BRDA:105,10,0,0
BRDA:105,10,1,0
BRDA:106,11,0,0
BRDA:106,11,1,0
BRDA:109,12,0,0
BRDA:109,12,1,0
BRDA:133,13,0,0
BRDA:133,13,1,0
BRDA:134,14,0,0
BRDA:134,14,1,0
BRDA:147,15,0,0
BRDA:147,15,1,0
BRDA:147,16,0,0
BRDA:147,16,1,0
BRDA:171,17,0,0
BRDA:171,17,1,0
BRDA:173,18,0,0
BRDA:173,18,1,0
BRDA:178,19,0,0
BRDA:178,19,1,0
BRDA:181,20,0,0
BRDA:181,20,1,0
BRDA:185,21,0,0
BRDA:185,21,1,0
BRDA:197,22,0,0
BRDA:197,22,1,0
BRDA:197,23,0,0
BRDA:197,23,1,0
BRDA:199,24,0,0
BRDA:199,24,1,0
BRDA:203,25,0,0
BRDA:203,25,1,0
BRDA:218,26,0,0
BRDA:218,26,1,0
BRDA:218,27,0,0
BRDA:218,27,1,0
BRDA:230,28,0,0
BRDA:230,28,1,0
BRDA:265,29,0,0
BRDA:265,29,1,0
BRDA:265,30,0,0
BRDA:265,30,1,0
BRDA:272,31,0,0
BRDA:272,31,1,0
BRDA:275,32,0,0
BRDA:275,32,1,0
BRF:66
BRH:0
end_of_record
TN:
SF:C:\git\cattegy-git\nested-dnd\client\src\components\Packs\Home.js
FN:7,(anonymous_0)
FNF:1
FNH:0
FNDA:0,(anonymous_0)
DA:7,0
DA:8,0
LF:2
LH:0
BRF:0
BRH:0
end_of_record
TN:
SF:C:\git\cattegy-git\nested-dnd\client\src\components\ThingExplorer\IconDebug.js
FN:9,(anonymous_0)
FN:16,(anonymous_1)
FN:30,(anonymous_2)
FN:39,(anonymous_3)
FN:43,(anonymous_4)
FN:47,(anonymous_5)
FN:58,(anonymous_6)
FN:62,(anonymous_7)
FN:63,(anonymous_8)
FN:68,(anonymous_9)
FN:69,(anonymous_10)
FN:75,(anonymous_11)
FN:77,(anonymous_12)
FN:78,(anonymous_13)
FN:119,(anonymous_14)
FN:123,(anonymous_15)
FN:133,(anonymous_16)
FNF:17
FNH:0
FNDA:0,(anonymous_0)
FNDA:0,(anonymous_1)
FNDA:0,(anonymous_2)
FNDA:0,(anonymous_3)
FNDA:0,(anonymous_4)
FNDA:0,(anonymous_5)
FNDA:0,(anonymous_6)
FNDA:0,(anonymous_7)
FNDA:0,(anonymous_8)
FNDA:0,(anonymous_9)
FNDA:0,(anonymous_10)
FNDA:0,(anonymous_11)
FNDA:0,(anonymous_12)
FNDA:0,(anonymous_13)
FNDA:0,(anonymous_14)
FNDA:0,(anonymous_15)
FNDA:0,(anonymous_16)
DA:10,0
DA:11,0
DA:12,0
DA:13,0
DA:16,0
DA:25,0
DA:31,0
DA:32,0
DA:33,0
DA:34,0
DA:37,0
DA:40,0
DA:44,0
DA:48,0
DA:49,0
DA:51,0
DA:53,0
DA:54,0
DA:55,0
DA:56,0
DA:58,0
DA:59,0
DA:60,0
DA:62,0
DA:64,0
DA:65,0
DA:68,0
DA:70,0
DA:71,0
DA:74,0
DA:75,0
DA:76,0
DA:77,0
DA:79,0
DA:80,0
DA:86,0
DA:88,0
DA:89,0
DA:90,0
DA:92,0
DA:95,0
DA:96,0
DA:97,0
DA:98,0
DA:100,0
DA:103,0
DA:104,0
DA:105,0
DA:106,0
DA:108,0
DA:110,0
DA:112,0
DA:120,0
DA:122,0
DA:123,0
DA:133,0
LF:56
LH:0
BRDA:19,0,0,0
BRDA:19,0,1,0
BRDA:32,1,0,0
BRDA:32,1,1,0
BRDA:48,2,0,0
BRDA:48,2,1,0
BRDA:60,3,0,0
BRDA:60,3,1,0
BRDA:64,4,0,0
BRDA:64,4,1,0
BRDA:70,5,0,0
BRDA:70,5,1,0
BRDA:74,6,0,0
BRDA:74,6,1,0
BRDA:76,7,0,0
BRDA:76,7,1,0
BRDA:79,8,0,0
BRDA:79,8,1,0
BRDA:89,9,0,0
BRDA:89,9,1,0
BRDA:97,10,0,0
BRDA:97,10,1,0
BRDA:105,11,0,0
BRDA:105,11,1,0
BRDA:120,12,0,0
BRDA:120,12,1,0
BRF:26
BRH:0
end_of_record
TN:
SF:C:\git\cattegy-git\nested-dnd\client\src\components\ThingExplorer\NewPackInfo.js
FN:10,(anonymous_0)
FN:19,(anonymous_1)
FN:20,(anonymous_2)
FN:25,(anonymous_3)
FN:35,(anonymous_4)
FN:39,(anonymous_5)
FN:46,(anonymous_6)
FN:50,(anonymous_7)
FN:74,(anonymous_8)
FN:79,(anonymous_9)
FNF:10
FNH:0
FNDA:0,(anonymous_0)
FNDA:0,(anonymous_1)
FNDA:0,(anonymous_2)
FNDA:0,(anonymous_3)
FNDA:0,(anonymous_4)
FNDA:0,(anonymous_5)
FNDA:0,(anonymous_6)
FNDA:0,(anonymous_7)
FNDA:0,(anonymous_8)
FNDA:0,(anonymous_9)
DA:7,0
DA:11,0
DA:12,0
DA:15,0
DA:16,0
DA:17,0
DA:20,0
DA:21,0
DA:22,0
DA:25,0
DA:26,0
DA:27,0
DA:32,0
DA:36,0
DA:37,0
DA:40,0
DA:41,0
DA:42,0
DA:43,0
DA:47,0
DA:48,0
DA:52,0
DA:54,0
DA:75,0
DA:76,0
DA:77,0
DA:80,0
DA:81,0
DA:82,0
DA:84,0
DA:86,0
DA:92,0
LF:32
LH:0
BRDA:13,0,0,0
BRDA:13,0,1,0
BRDA:22,1,0,0
BRDA:22,1,1,0
BRDA:26,2,0,0
BRDA:26,2,1,0
BRDA:41,3,0,0
BRDA:41,3,1,0
BRDA:47,4,0,0
BRDA:47,4,1,0
BRDA:48,5,0,0
BRDA:48,5,1,0
BRDA:76,6,0,0
BRDA:76,6,1,0
BRDA:82,7,0,0
BRDA:82,7,1,0
BRDA:84,8,0,0
BRDA:84,8,1,0
BRDA:86,9,0,0
BRDA:86,9,1,0
BRDA:93,10,0,0
BRDA:93,10,1,0
BRDA:94,11,0,0
BRDA:94,11,1,0
BRDA:95,12,0,0
BRDA:95,12,1,0
BRF:26
BRH:0
end_of_record
TN:
SF:C:\git\cattegy-git\nested-dnd\client\src\components\ThingExplorer\ThingChoice.js
FN:8,(anonymous_0)
FN:17,(anonymous_1)
FN:25,(anonymous_2)
FN:42,ThingChoices
FN:48,(anonymous_4)
FN:74,(anonymous_5)
FN:78,(anonymous_6)
FN:81,(anonymous_7)
FN:84,(anonymous_8)
FNF:9
FNH:0
FNDA:0,(anonymous_0)
FNDA:0,(anonymous_1)
FNDA:0,(anonymous_2)
FNDA:0,ThingChoices
FNDA:0,(anonymous_4)
FNDA:0,(anonymous_5)
FNDA:0,(anonymous_6)
FNDA:0,(anonymous_7)
FNDA:0,(anonymous_8)
DA:5,0
DA:9,0
DA:10,0
DA:15,0
DA:18,0
DA:19,0
DA:26,0
DA:43,0
DA:44,0
DA:46,0
DA:47,0
DA:48,0
DA:49,0
DA:63,0
DA:75,0
DA:76,0
DA:79,0
DA:82,0
DA:85,0
DA:87,0
DA:88,0
DA:89,0
DA:92,0
DA:94,0
LF:24
LH:0
BRDA:43,0,0,0
BRDA:43,0,1,0
BRDA:43,1,0,0
BRDA:43,1,1,0
BRDA:46,2,0,0
BRDA:46,2,1,0
BRDA:54,3,0,0
BRDA:54,3,1,0
BRDA:57,4,0,0
BRDA:57,4,1,0
BRDA:85,5,0,0
BRDA:85,5,1,0
BRDA:89,6,0,0
BRDA:89,6,1,0
BRDA:92,7,0,0
BRDA:92,7,1,0
BRDA:92,8,0,0
BRDA:92,8,1,0
BRF:18
BRH:0
end_of_record
TN:
SF:C:\git\cattegy-git\nested-dnd\client\src\components\ThingExplorer\ThingExplorer.js
FN:17,getInitialState
FN:27,(anonymous_1)
FN:45,(anonymous_2)
FN:47,(anonymous_3)
FN:48,(anonymous_4)
FN:56,(anonymous_5)
FN:60,(anonymous_6)
FN:68,(anonymous_7)
FN:93,(anonymous_8)
FN:106,(anonymous_9)
FN:111,(anonymous_10)
FN:122,(anonymous_11)
FN:133,(anonymous_12)
FN:154,(anonymous_13)
FN:171,(anonymous_14)
FNF:15
FNH:0
FNDA:0,getInitialState
FNDA:0,(anonymous_1)
FNDA:0,(anonymous_2)
FNDA:0,(anonymous_3)
FNDA:0,(anonymous_4)
FNDA:0,(anonymous_5)
FNDA:0,(anonymous_6)
FNDA:0,(anonymous_7)
FNDA:0,(anonymous_8)
FNDA:0,(anonymous_9)
FNDA:0,(anonymous_10)
FNDA:0,(anonymous_11)
FNDA:0,(anonymous_12)
FNDA:0,(anonymous_13)
FNDA:0,(anonymous_14)
DA:15,0
DA:18,0
DA:28,0
DA:30,0
DA:38,0
DA:39,0
DA:40,0
DA:41,0
DA:42,0
DA:46,0
DA:47,0
DA:48,0
DA:49,0
DA:52,0
DA:57,0
DA:61,0
DA:69,0
DA:70,0
DA:72,0
DA:73,0
DA:74,0
DA:76,0
DA:80,0
DA:81,0
DA:83,0
DA:85,0
DA:86,0
DA:89,0
DA:94,0
DA:95,0
DA:96,0
DA:97,0
DA:100,0
DA:101,0
DA:103,0
DA:107,0
DA:108,0
DA:111,0
DA:112,0
DA:115,0
DA:116,0
DA:117,0
DA:118,0
DA:119,0
DA:120,0
DA:121,0
DA:122,0
DA:124,0
DA:128,0
DA:129,0
DA:134,0
DA:135,0
DA:136,0
DA:138,0
DA:139,0
DA:140,0
DA:142,0
DA:143,0
DA:147,0
DA:148,0
DA:149,0
DA:151,0
DA:155,0
DA:156,0
DA:158,0
DA:160,0
DA:164,0
DA:165,0
DA:167,0
DA:172,0
DA:173,0
DA:177,0
DA:200,0
LF:73
LH:0
BRDA:72,0,0,0
BRDA:72,0,1,0
BRDA:73,1,0,0
BRDA:73,1,1,0
BRDA:80,2,0,0
BRDA:80,2,1,0
BRDA:80,2,2,0
BRDA:81,3,0,0
BRDA:81,3,1,0
BRDA:83,4,0,0
BRDA:83,4,1,0
BRDA:85,5,0,0
BRDA:85,5,1,0
BRDA:95,6,0,0
BRDA:95,6,1,0
BRDA:96,7,0,0
BRDA:96,7,1,0
BRDA:96,8,0,0
BRDA:96,8,1,0
BRDA:100,9,0,0
BRDA:100,9,1,0
BRDA:107,10,0,0
BRDA:107,10,1,0
BRDA:107,11,0,0
BRDA:107,11,1,0
BRDA:115,12,0,0
BRDA:115,12,1,0
BRDA:117,13,0,0
BRDA:117,13,1,0
BRDA:119,14,0,0
BRDA:119,14,1,0
BRDA:121,15,0,0
BRDA:121,15,1,0
BRDA:121,16,0,0
BRDA:121,16,1,0
BRDA:124,17,0,0
BRDA:124,17,1,0
BRDA:124,18,0,0
BRDA:124,18,1,0
BRDA:128,19,0,0
BRDA:128,19,1,0
BRDA:129,20,0,0
BRDA:129,20,1,0
BRDA:138,21,0,0
BRDA:138,21,1,0
BRDA:139,22,0,0
BRDA:139,22,1,0
BRDA:142,23,0,0
BRDA:142,23,1,0
BRDA:148,24,0,0
BRDA:148,24,1,0
BRDA:155,25,0,0
BRDA:155,25,1,0
BRDA:158,26,0,0
BRDA:158,26,1,0
BRDA:158,27,0,0
BRDA:158,27,1,0
BRDA:164,28,0,0
BRDA:164,28,1,0
BRDA:172,29,0,0
BRDA:172,29,1,0
BRDA:203,30,0,0
BRDA:203,30,1,0
BRF:63
BRH:0
end_of_record
TN:
SF:C:\git\cattegy-git\nested-dnd\client\src\components\ThingView\CategoryTabs.js
FN:16,(anonymous_0)
FN:24,(anonymous_1)
FN:29,(anonymous_2)
FN:40,(anonymous_3)
FN:74,ThingFunctions
FN:75,funcToString
FNF:6
FNH:0
FNDA:0,(anonymous_0)
FNDA:0,(anonymous_1)
FNDA:0,(anonymous_2)
FNDA:0,(anonymous_3)
FNDA:0,ThingFunctions
FNDA:0,funcToString
DA:8,0
DA:13,0
DA:17,0
DA:18,0
DA:21,0
DA:25,0
DA:30,0
DA:31,0
DA:32,0
DA:33,0
DA:34,0
DA:35,0
DA:37,0
DA:41,0
DA:43,0
DA:44,0
DA:45,0
DA:47,0
DA:48,0
DA:49,0
DA:51,0
DA:76,0
DA:78,0
DA:79,0
DA:84,0
DA:85,0
DA:86,0
DA:88,0
LF:28
LH:0
BRDA:30,0,0,0
BRDA:30,0,1,0
BRDA:30,1,0,0
BRDA:30,1,1,0
BRDA:32,2,0,0
BRDA:32,2,1,0
BRDA:33,3,0,0
BRDA:33,3,1,0
BRDA:34,4,0,0
BRDA:34,4,1,0
BRDA:35,5,0,0
BRDA:35,5,1,0
BRDA:41,6,0,0
BRDA:41,6,1,0
BRDA:49,7,0,0
BRDA:49,7,1,0
BRDA:76,8,0,0
BRDA:76,8,1,0
BRDA:90,9,0,0
BRDA:90,9,1,0
BRDA:94,10,0,0
BRDA:94,10,1,0
BRDA:98,11,0,0
BRDA:98,11,1,0
BRF:24
BRH:0
end_of_record
TN:
SF:C:\git\cattegy-git\nested-dnd\client\src\components\ThingView\ContainsList.js
FN:10,(anonymous_0)
FN:20,(anonymous_1)
FN:25,(anonymous_2)
FN:30,(anonymous_3)
FN:37,(anonymous_4)
FN:58,(anonymous_5)
FN:67,(anonymous_6)
FN:71,(anonymous_7)
FN:82,(anonymous_8)
FN:85,(anonymous_9)
FN:96,(anonymous_10)
FN:101,(anonymous_11)
FN:104,(anonymous_12)
FNF:13
FNH:0
FNDA:0,(anonymous_0)
FNDA:0,(anonymous_1)
FNDA:0,(anonymous_2)
FNDA:0,(anonymous_3)
FNDA:0,(anonymous_4)
FNDA:0,(anonymous_5)
FNDA:0,(anonymous_6)
FNDA:0,(anonymous_7)
FNDA:0,(anonymous_8)
FNDA:0,(anonymous_9)
FNDA:0,(anonymous_10)
FNDA:0,(anonymous_11)
FNDA:0,(anonymous_12)
DA:7,0
DA:11,0
DA:12,0
DA:13,0
DA:14,0
DA:15,0
DA:16,0
DA:18,0
DA:21,0
DA:26,0
DA:27,0
DA:28,0
DA:31,0
DA:32,0
DA:33,0
DA:34,0
DA:35,0
DA:37,0
DA:38,0
DA:40,0
DA:41,0
DA:42,0
DA:43,0
DA:45,0
DA:46,0
DA:49,0
DA:50,0
DA:53,0
DA:54,0
DA:56,0
DA:59,0
DA:60,0
DA:62,0
DA:64,0
DA:65,0
DA:68,0
DA:69,0
DA:72,0
DA:73,0
DA:74,0
DA:76,0
DA:77,0
DA:79,0
DA:80,0
DA:83,0
DA:86,0
DA:87,0
DA:88,0
DA:90,0
DA:92,0
DA:93,0
DA:95,0
DA:96,0
DA:97,0
DA:98,0
DA:102,0
DA:104,0
DA:105,0
DA:106,0
DA:109,0
DA:114,0
DA:116,0
DA:137,0
LF:63
LH:0
BRDA:21,0,0,0
BRDA:21,0,1,0
BRDA:26,1,0,0
BRDA:26,1,1,0
BRDA:27,2,0,0
BRDA:27,2,1,0
BRDA:33,3,0,0
BRDA:33,3,1,0
BRDA:34,4,0,0
BRDA:34,4,1,0
BRDA:40,5,0,0
BRDA:40,5,1,0
BRDA:45,6,0,0
BRDA:45,6,1,0
BRDA:53,7,0,0
BRDA:53,7,1,0
BRDA:64,8,0,0
BRDA:64,8,1,0
BRDA:77,9,0,0
BRDA:77,9,1,0
BRDA:79,10,0,0
BRDA:79,10,1,0
BRDA:88,11,0,0
BRDA:88,11,1,0
BRDA:90,12,0,0
BRDA:90,12,1,0
BRDA:90,13,0,0
BRDA:90,13,1,0
BRDA:92,14,0,0
BRDA:92,14,1,0
BRDA:97,15,0,0
BRDA:97,15,1,0
BRDA:102,16,0,0
BRDA:102,16,1,0
BRDA:109,17,0,0
BRDA:109,17,1,0
BRDA:110,18,0,0
BRDA:110,18,1,0
BRDA:111,19,0,0
BRDA:111,19,1,0
BRDA:112,20,0,0
BRDA:112,20,1,0
BRDA:114,21,0,0
BRDA:114,21,1,0
BRDA:118,22,0,0
BRDA:118,22,1,0
BRDA:121,23,0,0
BRDA:121,23,1,0
BRDA:122,24,0,0
BRDA:122,24,1,0
BRDA:123,25,0,0
BRDA:123,25,1,0
BRDA:143,26,0,0
BRDA:143,26,1,0
BRF:54
BRH:0
end_of_record
TN:
SF:C:\git\cattegy-git\nested-dnd\client\src\components\ThingView\EditableInput.js
FN:13,(anonymous_0)
FN:31,(anonymous_1)
FN:40,(anonymous_2)
FN:44,(anonymous_3)
FN:50,(anonymous_4)
FN:59,(anonymous_5)
FN:66,(anonymous_6)
FN:70,(anonymous_7)
FN:75,(anonymous_8)
FN:123,(anonymous_9)
FNF:10
FNH:0
FNDA:0,(anonymous_0)
FNDA:0,(anonymous_1)
FNDA:0,(anonymous_2)
FNDA:0,(anonymous_3)
FNDA:0,(anonymous_4)
FNDA:0,(anonymous_5)
FNDA:0,(anonymous_6)
FNDA:0,(anonymous_7)
FNDA:0,(anonymous_8)
FNDA:0,(anonymous_9)
DA:10,0
DA:14,0
DA:16,0
DA:21,0
DA:23,0
DA:24,0
DA:26,0
DA:27,0
DA:28,0
DA:29,0
DA:33,0
DA:36,0
DA:37,0
DA:38,0
DA:41,0
DA:42,0
DA:45,0
DA:51,0
DA:52,0
DA:53,0
DA:57,0
DA:60,0
DA:61,0
DA:62,0
DA:64,0
DA:67,0
DA:68,0
DA:71,0
DA:72,0
DA:76,0
DA:78,0
DA:79,0
DA:82,0
DA:87,0
DA:92,0
DA:97,0
DA:99,0
DA:101,0
DA:102,0
DA:103,0
DA:105,0
DA:106,0
DA:107,0
DA:112,0
DA:113,0
DA:114,0
DA:115,0
DA:119,0
DA:120,0
DA:124,0
DA:125,0
DA:126,0
DA:128,0
LF:53
LH:0
BRDA:21,0,0,0
BRDA:21,0,1,0
BRDA:33,1,0,0
BRDA:33,1,1,0
BRDA:36,2,0,0
BRDA:36,2,1,0
BRDA:41,3,0,0
BRDA:41,3,1,0
BRDA:46,4,0,0
BRDA:46,4,1,0
BRDA:51,5,0,0
BRDA:51,5,1,0
BRDA:62,6,0,0
BRDA:62,6,1,0
BRDA:67,7,0,0
BRDA:67,7,1,0
BRDA:71,8,0,0
BRDA:71,8,1,0
BRDA:76,9,0,0
BRDA:76,9,1,0
BRDA:97,10,0,0
BRDA:97,10,1,0
BRDA:105,11,0,0
BRDA:105,11,1,0
BRDA:112,12,0,0
BRDA:112,12,1,0
BRDA:114,13,0,0
BRDA:114,13,1,0
BRDA:119,14,0,0
BRDA:119,14,1,0
BRDA:124,15,0,0
BRDA:124,15,1,0
BRDA:132,16,0,0
BRDA:132,16,1,0
BRDA:143,17,0,0
BRDA:143,17,1,0
BRDA:159,18,0,0
BRDA:159,18,1,0
BRF:38
BRH:0
end_of_record
TN:
SF:C:\git\cattegy-git\nested-dnd\client\src\components\ThingView\IconSelect.js
FN:13,(anonymous_0)
FN:16,(anonymous_1)
FN:24,(anonymous_2)
FN:27,(anonymous_3)
FN:48,(anonymous_4)
FN:59,(anonymous_5)
FN:67,(anonymous_6)
FN:74,(anonymous_7)
FN:86,(anonymous_8)
FN:97,(anonymous_9)
FN:114,(anonymous_10)
FN:121,(anonymous_11)
FN:142,findAnim
FN:154,replaceAnim
FN:160,renderIcon
FN:163,(anonymous_15)
FN:164,(anonymous_16)
FNF:17
FNH:0
FNDA:0,(anonymous_0)
FNDA:0,(anonymous_1)
FNDA:0,(anonymous_2)
FNDA:0,(anonymous_3)
FNDA:0,(anonymous_4)
FNDA:0,(anonymous_5)
FNDA:0,(anonymous_6)
FNDA:0,(anonymous_7)
FNDA:0,(anonymous_8)
FNDA:0,(anonymous_9)
FNDA:0,(anonymous_10)
FNDA:0,(anonymous_11)
FNDA:0,findAnim
FNDA:0,replaceAnim
FNDA:0,renderIcon
FNDA:0,(anonymous_15)
FNDA:0,(anonymous_16)
DA:8,0
DA:10,0
DA:12,0
DA:13,0
DA:17,0
DA:18,0
DA:19,0
DA:20,0
DA:22,0
DA:25,0
DA:28,0
DA:30,0
DA:31,0
DA:34,0
DA:37,0
DA:38,0
DA:39,0
DA:40,0
DA:41,0
DA:42,0
DA:48,0
DA:49,0
DA:53,0
DA:54,0
DA:56,0
DA:57,0
DA:60,0
DA:61,0
DA:62,0
DA:64,0
DA:65,0
DA:68,0
DA:69,0
DA:70,0
DA:72,0
DA:75,0
DA:76,0
DA:78,0
DA:79,0
DA:81,0
DA:82,0
DA:83,0
DA:86,0
DA:87,0
DA:88,0
DA:91,0
DA:92,0
DA:93,0
DA:94,0
DA:98,0
DA:100,0
DA:101,0
DA:103,0
DA:114,0
DA:122,0
DA:143,0
DA:145,0
DA:146,0
DA:147,0
DA:148,0
DA:149,0
DA:152,0
DA:155,0
DA:156,0
DA:157,0
DA:161,0
DA:163,0
DA:164,0
LF:68
LH:0
BRDA:25,0,0,0
BRDA:25,0,1,0
BRDA:28,1,0,0
BRDA:28,1,1,0
BRDA:30,2,0,0
BRDA:30,2,1,0
BRDA:37,3,0,0
BRDA:37,3,1,0
BRDA:38,4,0,0
BRDA:38,4,1,0
BRDA:40,5,0,0
BRDA:40,5,1,0
BRDA:42,6,0,0
BRDA:42,6,1,0
BRDA:49,7,0,0
BRDA:49,7,1,0
BRDA:49,8,0,0
BRDA:49,8,1,0
BRDA:53,9,0,0
BRDA:53,9,1,0
BRDA:54,10,0,0
BRDA:54,10,1,0
BRDA:56,11,0,0
BRDA:56,11,1,0
BRDA:62,12,0,0
BRDA:62,12,1,0
BRDA:69,13,0,0
BRDA:69,13,1,0
BRDA:78,14,0,0
BRDA:78,14,1,0
BRDA:81,15,0,0
BRDA:81,15,1,0
BRDA:91,16,0,0
BRDA:91,16,1,0
BRDA:98,17,0,0
BRDA:98,17,1,0
BRDA:101,18,0,0
BRDA:101,18,1,0
BRDA:103,19,0,0
BRDA:103,19,1,0
BRDA:145,20,0,0
BRDA:145,20,1,0
BRDA:145,21,0,0
BRDA:145,21,1,0
BRDA:147,22,0,0
BRDA:147,22,1,0
BRDA:147,23,0,0
BRDA:147,23,1,0
BRDA:148,24,0,0
BRDA:148,24,1,0
BRDA:156,25,0,0
BRDA:156,25,1,0
BRDA:156,26,0,0
BRDA:156,26,1,0
BRDA:162,27,0,0
BRDA:162,27,1,0
BRF:56
BRH:0
end_of_record
TN:
SF:C:\git\cattegy-git\nested-dnd\client\src\components\ThingView\IsASelect.js
FN:13,(anonymous_0)
FN:27,(anonymous_1)
FN:28,(anonymous_2)
FN:32,(anonymous_3)
FN:40,(anonymous_4)
FN:43,(anonymous_5)
FN:44,(anonymous_6)
FN:47,(anonymous_7)
FN:57,(anonymous_8)
FN:61,(anonymous_9)
FN:87,(anonymous_10)
FN:98,(anonymous_11)
FN:101,(anonymous_12)
FN:119,(anonymous_13)
FN:127,promptCreateNew
FN:130,_false
FNF:16
FNH:0
FNDA:0,(anonymous_0)
FNDA:0,(anonymous_1)
FNDA:0,(anonymous_2)
FNDA:0,(anonymous_3)
FNDA:0,(anonymous_4)
FNDA:0,(anonymous_5)
FNDA:0,(anonymous_6)
FNDA:0,(anonymous_7)
FNDA:0,(anonymous_8)
FNDA:0,(anonymous_9)
FNDA:0,(anonymous_10)
FNDA:0,(anonymous_11)
FNDA:0,(anonymous_12)
FNDA:0,(anonymous_13)
FNDA:0,promptCreateNew
FNDA:0,_false
DA:8,0
DA:9,0
DA:10,0
DA:14,0
DA:16,0
DA:19,0
DA:20,0
DA:22,0
DA:23,0
DA:24,0
DA:25,0
DA:28,0
DA:29,0
DA:33,0
DA:36,0
DA:37,0
DA:38,0
DA:41,0
DA:44,0
DA:45,0
DA:48,0
DA:50,0
DA:51,0
DA:52,0
DA:53,0
DA:55,0
DA:58,0
DA:60,0
DA:61,0
DA:64,0
DA:65,0
DA:66,0
DA:69,0
DA:72,0
DA:73,0
DA:76,0
DA:77,0
DA:79,0
DA:80,0
DA:82,0
DA:84,0
DA:85,0
DA:88,0
DA:90,0
DA:91,0
DA:94,0
DA:99,0
DA:102,0
DA:103,0
DA:105,0
DA:106,0
DA:109,0
DA:119,0
DA:128,0
DA:131,0
LF:55
LH:0
BRDA:33,0,0,0
BRDA:33,0,1,0
BRDA:33,0,2,0
BRDA:36,1,0,0
BRDA:36,1,1,0
BRDA:48,2,0,0
BRDA:48,2,1,0
BRDA:55,3,0,0
BRDA:55,3,1,0
BRDA:58,4,0,0
BRDA:58,4,1,0
BRDA:65,5,0,0
BRDA:65,5,1,0
BRDA:69,6,0,0
BRDA:69,6,1,0
BRDA:72,7,0,0
BRDA:72,7,1,0
BRDA:76,8,0,0
BRDA:76,8,1,0
BRDA:79,9,0,0
BRDA:79,9,1,0
BRDA:84,10,0,0
BRDA:84,10,1,0
BRDA:88,11,0,0
BRDA:88,11,1,0
BRDA:90,12,0,0
BRDA:90,12,1,0
BRDA:102,13,0,0
BRDA:102,13,1,0
BRDA:105,14,0,0
BRDA:105,14,1,0
BRDA:106,15,0,0
BRDA:106,15,1,0
BRDA:110,16,0,0
BRDA:110,16,1,0
BRDA:110,17,0,0
BRDA:110,17,1,0
BRDA:119,18,0,0
BRDA:119,18,1,0
BRF:39
BRH:0
end_of_record
TN:
SF:C:\git\cattegy-git\nested-dnd\client\src\components\ThingView\NameInput.js
FN:8,(anonymous_0)
FN:13,(anonymous_1)
FN:21,(anonymous_2)
FN:24,(anonymous_3)
FN:27,(anonymous_4)
FN:30,(anonymous_5)
FN:68,(anonymous_6)
FNF:7
FNH:0
FNDA:0,(anonymous_0)
FNDA:0,(anonymous_1)
FNDA:0,(anonymous_2)
FNDA:0,(anonymous_3)
FNDA:0,(anonymous_4)
FNDA:0,(anonymous_5)
FNDA:0,(anonymous_6)
DA:5,0
DA:9,0
DA:10,0
DA:11,0
DA:14,0
DA:15,0
DA:19,0
DA:22,0
DA:25,0
DA:28,0
DA:31,0
DA:33,0
DA:34,0
DA:36,0
DA:37,0
DA:38,0
DA:39,0
DA:40,0
DA:41,0
DA:42,0
DA:47,0
DA:48,0
DA:55,0
DA:62,0
DA:64,0
DA:65,0
DA:69,0
LF:27
LH:0
BRDA:14,0,0,0
BRDA:14,0,1,0
BRDA:31,1,0,0
BRDA:31,1,1,0
BRDA:33,2,0,0
BRDA:33,2,1,0
BRDA:36,3,0,0
BRDA:36,3,1,0
BRDA:36,4,0,0
BRDA:36,4,1,0
BRDA:39,5,0,0
BRDA:39,5,1,0
BRDA:40,6,0,0
BRDA:40,6,1,0
BRDA:47,7,0,0
BRDA:47,7,1,0
BRDA:62,8,0,0
BRDA:62,8,1,0
BRDA:64,9,0,0
BRDA:64,9,1,0
BRDA:86,10,0,0
BRDA:86,10,1,0
BRF:22
BRH:0
end_of_record
TN:
SF:C:\git\cattegy-git\nested-dnd\client\src\components\ThingView\StyleTab.js
FN:12,(anonymous_0)
FN:35,(anonymous_1)
FN:40,(anonymous_2)
FN:60,(anonymous_3)
FN:64,(anonymous_4)
FNF:5
FNH:0
FNDA:0,(anonymous_0)
FNDA:0,(anonymous_1)
FNDA:0,(anonymous_2)
FNDA:0,(anonymous_3)
FNDA:0,(anonymous_4)
DA:8,0
DA:9,0
DA:13,0
DA:14,0
DA:15,0
DA:17,0
DA:36,0
DA:37,0
DA:38,0
DA:41,0
DA:43,0
DA:44,0
DA:45,0
DA:46,0
DA:49,0
DA:51,0
DA:52,0
DA:55,0
DA:56,0
DA:58,0
DA:61,0
DA:62,0
DA:65,0
DA:67,0
DA:68,0
DA:69,0
DA:70,0
DA:73,0
LF:28
LH:0
BRDA:41,0,0,0
BRDA:41,0,1,0
BRDA:43,1,0,0
BRDA:43,1,1,0
BRDA:44,2,0,0
BRDA:44,2,1,0
BRDA:51,3,0,0
BRDA:51,3,1,0
BRDA:55,4,0,0
BRDA:55,4,1,0
BRDA:55,5,0,0
BRDA:55,5,1,0
BRDA:55,5,2,0
BRDA:65,6,0,0
BRDA:65,6,1,0
BRDA:67,7,0,0
BRDA:67,7,1,0
BRDA:68,8,0,0
BRDA:68,8,1,0
BRDA:73,9,0,0
BRDA:73,9,1,0
BRDA:74,10,0,0
BRDA:74,10,1,0
BRF:23
BRH:0
end_of_record
TN:
SF:C:\git\cattegy-git\nested-dnd\client\src\components\ThingView\ThingView.js
FN:18,(anonymous_0)
FN:35,(anonymous_1)
FN:42,(anonymous_2)
FN:69,(anonymous_3)
FN:73,(anonymous_4)
FN:81,(anonymous_5)
FN:91,(anonymous_6)
FN:110,(anonymous_7)
FN:121,(anonymous_8)
FN:122,(anonymous_9)
FN:133,(anonymous_10)
FN:145,(anonymous_11)
FN:147,(anonymous_12)
FN:152,(anonymous_13)
FN:178,(anonymous_14)
FN:183,(anonymous_15)
FN:184,(anonymous_16)
FN:188,(anonymous_17)
FN:189,(anonymous_18)
FN:194,(anonymous_19)
FN:206,(anonymous_20)
FN:235,(anonymous_21)
FN:276,(anonymous_22)
FN:279,(anonymous_23)
FN:282,(anonymous_24)
FN:285,(anonymous_25)
FN:295,(anonymous_26)
FN:300,(anonymous_27)
FN:321,SubmitButton
FNF:29
FNH:0
FNDA:0,(anonymous_0)
FNDA:0,(anonymous_1)
FNDA:0,(anonymous_2)
FNDA:0,(anonymous_3)
FNDA:0,(anonymous_4)
FNDA:0,(anonymous_5)
FNDA:0,(anonymous_6)
FNDA:0,(anonymous_7)
FNDA:0,(anonymous_8)
FNDA:0,(anonymous_9)
FNDA:0,(anonymous_10)
FNDA:0,(anonymous_11)
FNDA:0,(anonymous_12)
FNDA:0,(anonymous_13)
FNDA:0,(anonymous_14)
FNDA:0,(anonymous_15)
FNDA:0,(anonymous_16)
FNDA:0,(anonymous_17)
FNDA:0,(anonymous_18)
FNDA:0,(anonymous_19)
FNDA:0,(anonymous_20)
FNDA:0,(anonymous_21)
FNDA:0,(anonymous_22)
FNDA:0,(anonymous_23)
FNDA:0,(anonymous_24)
FNDA:0,(anonymous_25)
FNDA:0,(anonymous_26)
FNDA:0,(anonymous_27)
FNDA:0,SubmitButton
DA:15,0
DA:19,0
DA:21,0
DA:23,0
DA:27,0
DA:28,0
DA:29,0
DA:30,0
DA:31,0
DA:32,0
DA:36,0
DA:39,0
DA:43,0
DA:44,0
DA:46,0
DA:51,0
DA:52,0
DA:55,0
DA:56,0
DA:57,0
DA:59,0
DA:61,0
DA:62,0
DA:66,0
DA:69,0
DA:70,0
DA:71,0
DA:73,0
DA:74,0
DA:76,0
DA:77,0
DA:82,0
DA:83,0
DA:84,0
DA:86,0
DA:87,0
DA:92,0
DA:93,0
DA:96,0
DA:99,0
DA:100,0
DA:101,0
DA:102,0
DA:105,0
DA:107,0
DA:111,0
DA:113,0
DA:114,0
DA:115,0
DA:116,0
DA:122,0
DA:123,0
DA:125,0
DA:126,0
DA:134,0
DA:136,0
DA:137,0
DA:140,0
DA:142,0
DA:146,0
DA:147,0
DA:153,0
DA:154,0
DA:158,0
DA:159,0
DA:162,0
DA:163,0
DA:164,0
DA:166,0
DA:169,0
DA:170,0
DA:175,0
DA:179,0
DA:180,0
DA:184,0
DA:185,0
DA:189,0
DA:190,0
DA:195,0
DA:196,0
DA:197,0
DA:199,0
DA:201,0
DA:202,0
DA:203,0
DA:204,0
DA:206,0
DA:207,0
DA:208,0
DA:210,0
DA:211,0
DA:213,0
DA:219,0
DA:220,0
DA:221,0
DA:225,0
DA:230,0
DA:232,0
DA:236,0
DA:237,0
DA:239,0
DA:240,0
DA:241,0
DA:242,0
DA:244,0
DA:245,0
DA:246,0
DA:249,0
DA:276,0
DA:279,0
DA:282,0
DA:285,0
DA:296,0
DA:298,0
DA:300,0
DA:304,0
DA:322,0
LF:117
LH:0
BRDA:36,0,0,0
BRDA:36,0,1,0
BRDA:36,0,2,0
BRDA:43,1,0,0
BRDA:43,1,1,0
BRDA:46,2,0,0
BRDA:46,2,1,0
BRDA:51,3,0,0
BRDA:51,3,1,0
BRDA:55,4,0,0
BRDA:55,4,1,0
BRDA:55,5,0,0
BRDA:55,5,1,0
BRDA:56,6,0,0
BRDA:56,6,1,0
BRDA:56,7,0,0
BRDA:56,7,1,0
BRDA:66,8,0,0
BRDA:66,8,1,0
BRDA:70,9,0,0
BRDA:70,9,1,0
BRDA:82,10,0,0
BRDA:82,10,1,0
BRDA:83,11,0,0
BRDA:83,11,1,0
BRDA:86,12,0,0
BRDA:86,12,1,0
BRDA:92,13,0,0
BRDA:92,13,1,0
BRDA:92,14,0,0
BRDA:92,14,1,0
BRDA:96,15,0,0
BRDA:96,15,1,0
BRDA:113,16,0,0
BRDA:113,16,1,0
BRDA:114,17,0,0
BRDA:114,17,1,0
BRDA:122,18,0,0
BRDA:122,18,1,0
BRDA:123,19,0,0
BRDA:123,19,1,0
BRDA:125,20,0,0
BRDA:125,20,1,0
BRDA:134,21,0,0
BRDA:134,21,1,0
BRDA:136,22,0,0
BRDA:136,22,1,0
BRDA:146,23,0,0
BRDA:146,23,1,0
BRDA:153,24,0,0
BRDA:153,24,1,0
BRDA:158,25,0,0
BRDA:158,25,1,0
BRDA:158,26,0,0
BRDA:158,26,1,0
BRDA:158,26,2,0
BRDA:162,27,0,0
BRDA:162,27,1,0
BRDA:163,28,0,0
BRDA:163,28,1,0
BRDA:179,29,0,0
BRDA:179,29,1,0
BRDA:197,30,0,0
BRDA:197,30,1,0
BRDA:201,31,0,0
BRDA:201,31,1,0
BRDA:201,32,0,0
BRDA:201,32,1,0
BRDA:202,33,0,0
BRDA:202,33,1,0
BRDA:202,33,2,0
BRDA:207,34,0,0
BRDA:207,34,1,0
BRDA:211,35,0,0
BRDA:211,35,1,0
BRDA:220,36,0,0
BRDA:220,36,1,0
BRDA:221,37,0,0
BRDA:221,37,1,0
BRDA:225,38,0,0
BRDA:225,38,1,0
BRDA:225,39,0,0
BRDA:225,39,1,0
BRDA:225,39,2,0
BRDA:236,40,0,0
BRDA:236,40,1,0
BRDA:244,41,0,0
BRDA:244,41,1,0
BRDA:269,42,0,0
BRDA:269,42,1,0
BRDA:269,43,0,0
BRDA:269,43,1,0
BRDA:298,44,0,0
BRDA:298,44,1,0
BRDA:300,45,0,0
BRDA:300,45,1,0
BRDA:301,46,0,0
BRDA:301,46,1,0
BRDA:301,47,0,0
BRDA:301,47,1,0
BRDA:307,48,0,0
BRDA:307,48,1,0
BRDA:307,49,0,0
BRDA:307,49,1,0
BRDA:324,50,0,0
BRDA:324,50,1,0
BRF:106
BRH:0
end_of_record
TN:
SF:C:\git\cattegy-git\nested-dnd\client\src\stores\Character.js
FN:33,(anonymous_0)
FN:56,(anonymous_1)
FN:63,(anonymous_2)
FN:86,(anonymous_3)
FN:89,(anonymous_4)
FN:98,(anonymous_5)
FN:104,(anonymous_6)
FN:110,(anonymous_7)
FN:117,(anonymous_8)
FN:126,(anonymous_9)
FN:165,(anonymous_10)
FN:172,(anonymous_11)
FN:180,(anonymous_12)
FN:184,(anonymous_13)
FN:203,(anonymous_14)
FN:225,(anonymous_15)
FN:227,(anonymous_16)
FN:232,(anonymous_17)
FN:235,(anonymous_18)
FN:238,(anonymous_19)
FN:241,(anonymous_20)
FN:247,(anonymous_21)
FN:253,(anonymous_22)
FN:256,(anonymous_23)
FN:264,(anonymous_24)
FN:272,(anonymous_25)
FN:275,(anonymous_26)
FN:282,(anonymous_27)
FN:283,(anonymous_28)
FN:286,(anonymous_29)
FN:292,(anonymous_30)
FN:296,(anonymous_31)
FN:339,(anonymous_32)
FN:350,(anonymous_33)
FN:364,(anonymous_34)
FN:367,(anonymous_35)
FN:372,(anonymous_36)
FN:375,(anonymous_37)
FN:377,(anonymous_38)
FN:385,(anonymous_39)
FN:392,(anonymous_40)
FN:413,(anonymous_41)
FN:428,(anonymous_42)
FN:432,(anonymous_43)
FN:442,(anonymous_44)
FN:461,(anonymous_45)
FN:472,(anonymous_46)
FN:479,(anonymous_47)
FN:486,(anonymous_48)
FN:491,(anonymous_49)
FN:495,(anonymous_50)
FN:506,(anonymous_51)
FN:521,(anonymous_52)
FN:545,(anonymous_53)
FN:558,(anonymous_54)
FN:604,(anonymous_55)
FN:627,(anonymous_56)
FN:652,(anonymous_57)
FN:658,(anonymous_58)
FN:684,(anonymous_59)
FN:695,appendPlus
FNF:61
FNH:0
FNDA:0,(anonymous_0)
FNDA:0,(anonymous_1)
FNDA:0,(anonymous_2)
FNDA:0,(anonymous_3)
FNDA:0,(anonymous_4)
FNDA:0,(anonymous_5)
FNDA:0,(anonymous_6)
FNDA:0,(anonymous_7)
FNDA:0,(anonymous_8)
FNDA:0,(anonymous_9)
FNDA:0,(anonymous_10)
FNDA:0,(anonymous_11)
FNDA:0,(anonymous_12)
FNDA:0,(anonymous_13)
FNDA:0,(anonymous_14)
FNDA:0,(anonymous_15)
FNDA:0,(anonymous_16)
FNDA:0,(anonymous_17)
FNDA:0,(anonymous_18)
FNDA:0,(anonymous_19)
FNDA:0,(anonymous_20)
FNDA:0,(anonymous_21)
FNDA:0,(anonymous_22)
FNDA:0,(anonymous_23)
FNDA:0,(anonymous_24)
FNDA:0,(anonymous_25)
FNDA:0,(anonymous_26)
FNDA:0,(anonymous_27)
FNDA:0,(anonymous_28)
FNDA:0,(anonymous_29)
FNDA:0,(anonymous_30)
FNDA:0,(anonymous_31)
FNDA:0,(anonymous_32)
FNDA:0,(anonymous_33)
FNDA:0,(anonymous_34)
FNDA:0,(anonymous_35)
FNDA:0,(anonymous_36)
FNDA:0,(anonymous_37)
FNDA:0,(anonymous_38)
FNDA:0,(anonymous_39)
FNDA:0,(anonymous_40)
FNDA:0,(anonymous_41)
FNDA:0,(anonymous_42)
FNDA:0,(anonymous_43)
FNDA:0,(anonymous_44)
FNDA:0,(anonymous_45)
FNDA:0,(anonymous_46)
FNDA:0,(anonymous_47)
FNDA:0,(anonymous_48)
FNDA:0,(anonymous_49)
FNDA:0,(anonymous_50)
FNDA:0,(anonymous_51)
FNDA:0,(anonymous_52)
FNDA:0,(anonymous_53)
FNDA:0,(anonymous_54)
FNDA:0,(anonymous_55)
FNDA:0,(anonymous_56)
FNDA:0,(anonymous_57)
FNDA:0,(anonymous_58)
FNDA:0,(anonymous_59)
FNDA:0,appendPlus
DA:8,0
DA:50,0
DA:52,0
DA:53,0
DA:54,0
DA:55,0
DA:56,0
DA:57,0
DA:58,0
DA:59,0
DA:60,0
DA:61,0
DA:62,0
DA:63,0
DA:64,0
DA:65,0
DA:66,0
DA:69,0
DA:70,0
DA:78,0
DA:79,0
DA:80,0
DA:83,0
DA:84,0
DA:87,0
DA:90,0
DA:91,0
DA:93,0
DA:99,0
DA:100,0
DA:102,0
DA:105,0
DA:106,0
DA:108,0
DA:111,0
DA:112,0
DA:113,0
DA:117,0
DA:118,0
DA:121,0
DA:128,0
DA:129,0
DA:132,0
DA:133,0
DA:134,0
DA:135,0
DA:136,0
DA:140,0
DA:141,0
DA:142,0
DA:147,0
DA:148,0
DA:152,0
DA:153,0
DA:160,0
DA:161,0
DA:165,0
DA:166,0
DA:172,0
DA:173,0
DA:174,0
DA:175,0
DA:176,0
DA:177,0
DA:178,0
DA:180,0
DA:181,0
DA:185,0
DA:187,0
DA:188,0
DA:191,0
DA:192,0
DA:193,0
DA:203,0
DA:204,0
DA:205,0
DA:206,0
DA:217,0
DA:223,0
DA:226,0
DA:227,0
DA:228,0
DA:230,0
DA:233,0
DA:236,0
DA:239,0
DA:242,0
DA:248,0
DA:254,0
DA:257,0
DA:258,0
DA:259,0
DA:262,0
DA:265,0
DA:267,0
DA:274,0
DA:275,0
DA:276,0
DA:277,0
DA:278,0
DA:281,0
DA:282,0
DA:283,0
DA:287,0
DA:293,0
DA:294,0
DA:297,0
DA:298,0
DA:299,0
DA:302,0
DA:303,0
DA:305,0
DA:306,0
DA:310,0
DA:315,0
DA:317,0
DA:320,0
DA:326,0
DA:333,0
DA:334,0
DA:337,0
DA:338,0
DA:339,0
DA:340,0
DA:343,0
DA:345,0
DA:346,0
DA:348,0
DA:351,0
DA:352,0
DA:353,0
DA:355,0
DA:356,0
DA:357,0
DA:359,0
DA:365,0
DA:366,0
DA:367,0
DA:373,0
DA:376,0
DA:377,0
DA:378,0
DA:383,0
DA:386,0
DA:389,0
DA:391,0
DA:392,0
DA:394,0
DA:396,0
DA:399,0
DA:403,0
DA:404,0
DA:408,0
DA:423,0
DA:424,0
DA:426,0
DA:427,0
DA:428,0
DA:429,0
DA:430,0
DA:432,0
DA:433,0
DA:434,0
DA:435,0
DA:437,0
DA:438,0
DA:439,0
DA:443,0
DA:445,0
DA:446,0
DA:448,0
DA:449,0
DA:450,0
DA:451,0
DA:452,0
DA:455,0
DA:456,0
DA:459,0
DA:462,0
DA:463,0
DA:464,0
DA:466,0
DA:467,0
DA:468,0
DA:469,0
DA:470,0
DA:473,0
DA:474,0
DA:480,0
DA:481,0
DA:487,0
DA:488,0
DA:489,0
DA:492,0
DA:493,0
DA:495,0
DA:496,0
DA:497,0
DA:498,0
DA:501,0
DA:514,0
DA:515,0
DA:516,0
DA:517,0
DA:518,0
DA:519,0
DA:532,0
DA:533,0
DA:534,0
DA:536,0
DA:537,0
DA:538,0
DA:539,0
DA:540,0
DA:552,0
DA:553,0
DA:554,0
DA:555,0
DA:556,0
DA:560,0
DA:565,0
DA:567,0
DA:569,0
DA:570,0
DA:571,0
DA:573,0
DA:574,0
DA:575,0
DA:577,0
DA:578,0
DA:579,0
DA:580,0
DA:582,0
DA:583,0
DA:584,0
DA:585,0
DA:586,0
DA:587,0
DA:589,0
DA:590,0
DA:592,0
DA:593,0
DA:595,0
DA:599,0
DA:600,0
DA:602,0
DA:605,0
DA:611,0
DA:613,0
DA:614,0
DA:619,0
DA:621,0
DA:634,0
DA:635,0
DA:636,0
DA:637,0
DA:638,0
DA:639,0
DA:640,0
DA:642,0
DA:643,0
DA:650,0
DA:653,0
DA:671,0
DA:672,0
DA:673,0
DA:674,0
DA:675,0
DA:676,0
DA:677,0
DA:678,0
DA:679,0
DA:685,0
DA:686,0
DA:687,0
DA:688,0
DA:689,0
DA:690,0
DA:691,0
DA:696,0
DA:697,0
DA:699,0
LF:282
LH:0
BRDA:34,0,0,0
BRDA:35,1,0,0
BRDA:36,2,0,0
BRDA:37,3,0,0
BRDA:38,4,0,0
BRDA:39,5,0,0
BRDA:40,6,0,0
BRDA:41,7,0,0
BRDA:42,8,0,0
BRDA:43,9,0,0
BRDA:44,10,0,0
BRDA:45,11,0,0
BRDA:46,12,0,0
BRDA:50,13,0,0
BRDA:50,13,1,0
BRDA:56,14,0,0
BRDA:56,14,1,0
BRDA:63,15,0,0
BRDA:63,15,1,0
BRDA:79,16,0,0
BRDA:79,16,1,0
BRDA:79,17,0,0
BRDA:79,17,1,0
BRDA:79,17,2,0
BRDA:79,17,3,0
BRDA:91,18,0,0
BRDA:91,18,1,0
BRDA:100,19,0,0
BRDA:100,19,1,0
BRDA:106,20,0,0
BRDA:106,20,1,0
BRDA:112,21,0,0
BRDA:112,21,1,0
BRDA:132,22,0,0
BRDA:132,22,1,0
BRDA:134,23,0,0
BRDA:134,23,1,0
BRDA:136,24,0,0
BRDA:136,24,1,0
BRDA:140,25,0,0
BRDA:140,25,1,0
BRDA:147,26,0,0
BRDA:147,26,1,0
BRDA:152,27,0,0
BRDA:152,27,1,0
BRDA:173,28,0,0
BRDA:173,28,1,0
BRDA:174,29,0,0
BRDA:174,29,1,0
BRDA:175,30,0,0
BRDA:175,30,1,0
BRDA:176,31,0,0
BRDA:176,31,1,0
BRDA:187,32,0,0
BRDA:187,32,1,0
BRDA:192,33,0,0
BRDA:192,33,1,0
BRDA:205,34,0,0
BRDA:205,34,1,0
BRDA:258,35,0,0
BRDA:258,35,1,0
BRDA:265,36,0,0
BRDA:265,36,1,0
BRDA:272,37,0,0
BRDA:272,38,0,0
BRDA:272,39,0,0
BRDA:277,40,0,0
BRDA:277,40,1,0
BRDA:277,41,0,0
BRDA:277,41,1,0
BRDA:296,42,0,0
BRDA:297,43,0,0
BRDA:297,43,1,0
BRDA:305,44,0,0
BRDA:305,44,1,0
BRDA:310,45,0,0
BRDA:310,45,1,0
BRDA:310,46,0,0
BRDA:310,46,1,0
BRDA:312,47,0,0
BRDA:312,47,1,0
BRDA:315,48,0,0
BRDA:315,48,1,0
BRDA:315,49,0,0
BRDA:315,49,1,0
BRDA:320,50,0,0
BRDA:320,50,1,0
BRDA:321,51,0,0
BRDA:321,51,1,0
BRDA:334,52,0,0
BRDA:334,52,1,0
BRDA:334,53,0,0
BRDA:334,53,1,0
BRDA:338,54,0,0
BRDA:338,54,1,0
BRDA:340,55,0,0
BRDA:340,55,1,0
BRDA:343,56,0,0
BRDA:343,56,1,0
BRDA:346,57,0,0
BRDA:346,57,1,0
BRDA:350,58,0,0
BRDA:351,59,0,0
BRDA:351,59,1,0
BRDA:364,60,0,0
BRDA:364,61,0,0
BRDA:364,62,0,0
BRDA:367,63,0,0
BRDA:367,63,1,0
BRDA:372,64,0,0
BRDA:386,65,0,0
BRDA:386,65,1,0
BRDA:403,66,0,0
BRDA:403,66,1,0
BRDA:415,67,0,0
BRDA:416,68,0,0
BRDA:418,69,0,0
BRDA:419,70,0,0
BRDA:423,71,0,0
BRDA:423,71,1,0
BRDA:425,72,0,0
BRDA:425,72,1,0
BRDA:425,73,0,0
BRDA:425,73,1,0
BRDA:433,74,0,0
BRDA:433,74,1,0
BRDA:438,75,0,0
BRDA:438,75,1,0
BRDA:443,76,0,0
BRDA:443,76,1,0
BRDA:448,77,0,0
BRDA:448,77,1,0
BRDA:450,78,0,0
BRDA:450,78,1,0
BRDA:451,79,0,0
BRDA:451,79,1,0
BRDA:455,80,0,0
BRDA:455,80,1,0
BRDA:466,81,0,0
BRDA:466,81,1,0
BRDA:467,82,0,0
BRDA:467,82,1,0
BRDA:468,83,0,0
BRDA:468,83,1,0
BRDA:473,84,0,0
BRDA:473,84,1,0
BRDA:486,85,0,0
BRDA:486,86,0,0
BRDA:486,87,0,0
BRDA:489,88,0,0
BRDA:489,88,1,0
BRDA:492,89,0,0
BRDA:492,89,1,0
BRDA:492,90,0,0
BRDA:492,90,1,0
BRDA:496,91,0,0
BRDA:496,91,1,0
BRDA:497,92,0,0
BRDA:497,92,1,0
BRDA:507,93,0,0
BRDA:508,94,0,0
BRDA:509,95,0,0
BRDA:510,96,0,0
BRDA:511,97,0,0
BRDA:512,98,0,0
BRDA:523,99,0,0
BRDA:524,100,0,0
BRDA:525,101,0,0
BRDA:526,102,0,0
[...]
DA:83,0
DA:87,0
DA:89,0
DA:91,0
DA:92,0
DA:94,0
DA:95,0
DA:96,0
DA:104,0
DA:105,0
DA:106,0
DA:107,0
DA:108,0
DA:111,0
DA:112,0
DA:113,0
DA:115,0
DA:128,0
DA:129,0
DA:139,0
DA:140,0
DA:143,0
DA:144,0
DA:146,0
DA:147,0
DA:149,0
DA:153,0
DA:154,0
DA:155,0
DA:156,0
DA:158,0
DA:161,0
LF:64
LH:0
BRDA:19,0,0,0
BRDA:19,0,1,0
BRDA:30,1,0,0
BRDA:30,1,1,0
BRDA:39,2,0,0
BRDA:39,2,1,0
BRDA:39,3,0,0
BRDA:39,3,1,0
BRDA:46,4,0,0
BRDA:46,4,1,0
BRDA:65,5,0,0
BRDA:65,5,1,0
BRDA:65,6,0,0
BRDA:65,6,1,0
BRDA:79,7,0,0
BRDA:79,7,1,0
BRDA:80,8,0,0
BRDA:80,8,1,0
BRDA:91,9,0,0
BRDA:91,9,1,0
BRDA:105,10,0,0
BRDA:105,10,1,0
BRDA:112,11,0,0
BRDA:112,11,1,0
BRDA:146,12,0,0
BRDA:146,12,1,0
BRF:26
BRH:0
end_of_record
TN:
SF:C:\git\cattegy-git\nested-dnd\server\app\models\generator.js
FN:45,(anonymous_0)
FN:72,(anonymous_1)
FN:85,(anonymous_2)
FN:97,(anonymous_3)
FN:140,(anonymous_4)
FN:168,(anonymous_5)
FN:180,(anonymous_6)
FNF:7
FNH:0
FNDA:0,(anonymous_0)
FNDA:0,(anonymous_1)
FNDA:0,(anonymous_2)
FNDA:0,(anonymous_3)
FNDA:0,(anonymous_4)
FNDA:0,(anonymous_5)
FNDA:0,(anonymous_6)
DA:1,0
DA:2,0
DA:4,0
DA:5,0
DA:6,0
DA:7,0
DA:8,0
DA:10,0
DA:12,0
DA:41,0
DA:45,0
DA:46,0
DA:51,0
DA:53,0
DA:61,0
DA:62,0
DA:63,0
DA:64,0
DA:65,0
DA:67,0
DA:69,0
DA:72,0
DA:73,0
DA:85,0
DA:86,0
DA:88,0
DA:97,0
DA:98,0
DA:100,0
DA:101,0
DA:104,0
DA:108,0
DA:111,0
DA:112,0
DA:113,0
DA:117,0
DA:118,0
DA:119,0
DA:120,0
DA:121,0
DA:122,0
DA:125,0
DA:126,0
DA:129,0
DA:140,0
DA:142,0
DA:143,0
DA:147,0
DA:148,0
DA:149,0
DA:150,0
DA:155,0
DA:156,0
DA:159,0
DA:168,0
DA:169,0
DA:180,0
DA:181,0
DA:185,0
DA:187,0
LF:60
LH:0
BRDA:51,0,0,0
BRDA:51,0,1,0
BRDA:61,1,0,0
BRDA:61,1,1,0
BRDA:62,2,0,0
BRDA:62,2,1,0
BRDA:63,3,0,0
BRDA:63,3,1,0
BRDA:64,4,0,0
BRDA:64,4,1,0
BRDA:65,5,0,0
BRDA:65,5,1,0
BRDA:73,6,0,0
BRDA:73,6,1,0
BRDA:100,7,0,0
BRDA:100,7,1,0
BRDA:111,8,0,0
BRDA:111,8,1,0
BRDA:119,9,0,0
BRDA:119,9,1,0
BRDA:125,10,0,0
BRDA:125,10,1,0
BRDA:142,11,0,0
BRDA:142,11,1,0
BRDA:142,12,0,0
BRDA:142,12,1,0
BRDA:147,13,0,0
BRDA:147,13,1,0
BRDA:147,14,0,0
BRDA:147,14,1,0
BRDA:149,15,0,0
BRDA:149,15,1,0
BRDA:155,16,0,0
BRDA:155,16,1,0
BRDA:155,17,0,0
BRDA:155,17,1,0
BRF:36
BRH:0
end_of_record
TN:
SF:C:\git\cattegy-git\nested-dnd\server\app\models\pack.js
FN:34,(anonymous_0)
FN:53,(anonymous_1)
FN:63,(anonymous_2)
FN:72,(anonymous_3)
FN:106,(anonymous_4)
FN:123,(anonymous_5)
FN:137,seedArray
FNF:7
FNH:0
FNDA:0,(anonymous_0)
FNDA:0,(anonymous_1)
FNDA:0,(anonymous_2)
FNDA:0,(anonymous_3)
FNDA:0,(anonymous_4)
FNDA:0,(anonymous_5)
FNDA:0,seedArray
DA:3,0
DA:4,0
DA:5,0
DA:7,0
DA:8,0
DA:10,0
DA:35,0
DA:36,0
DA:37,0
DA:53,0
DA:54,0
DA:63,0
DA:64,0
DA:72,0
DA:73,0
DA:76,0
DA:78,0
DA:79,0
DA:82,0
DA:85,0
DA:86,0
DA:87,0
DA:88,0
DA:89,0
DA:90,0
DA:94,0
DA:97,0
DA:106,0
DA:107,0
DA:108,0
DA:109,0
DA:110,0
DA:111,0
DA:113,0
DA:115,0
DA:123,0
DA:124,0
DA:125,0
DA:126,0
DA:127,0
DA:128,0
DA:138,0
DA:140,0
DA:141,0
DA:143,0
DA:144,0
DA:146,0
DA:149,0
DA:150,0
LF:49
LH:0
BRDA:35,0,0,0
BRDA:35,0,1,0
BRDA:76,1,0,0
BRDA:76,1,1,0
BRDA:82,2,0,0
BRDA:82,2,1,0
BRDA:87,3,0,0
BRDA:87,3,1,0
BRDA:94,4,0,0
BRDA:94,4,1,0
BRDA:110,5,0,0
BRDA:110,5,1,0
BRDA:115,6,0,0
BRDA:115,6,1,0
BRDA:124,7,0,0
BRDA:124,7,1,0
BRDA:126,8,0,0
BRDA:126,8,1,0
BRDA:138,9,0,0
BRDA:138,9,1,0
BRDA:140,10,0,0
BRDA:140,10,1,0
BRF:22
BRH:0
end_of_record
TN:
SF:C:\git\cattegy-git\nested-dnd\server\app\models\table.js
FN:25,(anonymous_0)
FN:41,(anonymous_1)
FN:54,choose
FN:61,weightedChoose
FN:70,weightedDiceChoose
FNF:5
FNH:0
FNDA:0,(anonymous_0)
FNDA:0,(anonymous_1)
FNDA:0,choose
FNDA:0,weightedChoose
FNDA:0,weightedDiceChoose
DA:1,0
DA:2,0
DA:3,0
DA:5,0
DA:11,0
DA:25,0
DA:26,0
DA:27,0
DA:31,0
DA:32,0
DA:33,0
DA:34,0
DA:36,0
DA:38,0
DA:41,0
DA:42,0
DA:43,0
DA:46,0
DA:47,0
DA:48,0
DA:51,0
DA:56,0
DA:58,0
DA:64,0
DA:65,0
DA:67,0
DA:71,0
DA:72,0
DA:75,0
DA:76,0
DA:80,0
DA:83,0
DA:84,0
DA:85,0
DA:86,0
DA:87,0
DA:88,0
DA:89,0
DA:90,0
DA:91,0
DA:93,0
DA:94,0
DA:97,0
DA:98,0
DA:99,0
DA:101,0
DA:102,0
DA:104,0
DA:105,0
DA:106,0
DA:107,0
DA:112,0
LF:52
LH:0
BRDA:26,0,0,0
BRDA:26,0,1,0
BRDA:31,1,0,0
BRDA:31,1,1,0
BRDA:33,2,0,0
BRDA:33,2,1,0
BRDA:64,3,0,0
BRDA:64,3,1,0
BRDA:64,4,0,0
BRDA:64,4,1,0
BRDA:71,5,0,0
BRDA:71,5,1,0
BRDA:85,6,0,0
BRDA:85,6,1,0
BRDA:88,7,0,0
BRDA:88,7,1,0
BRDA:91,8,0,0
BRDA:91,8,1,0
BRDA:106,9,0,0
BRDA:106,9,1,0
BRF:20
BRH:0
end_of_record
TN:
SF:C:\git\cattegy-git\nested-dnd\server\app\models\universe.js
FNF:0
FNH:0
DA:1,0
DA:2,0
DA:3,0
DA:5,0
DA:23,0
LF:5
LH:0
BRF:0
BRH:0
end_of_record
TN:
SF:C:\git\cattegy-git\nested-dnd\server\app\models\user.js
FN:39,(anonymous_0)
FN:41,(anonymous_1)
FN:48,(anonymous_2)
FN:53,(anonymous_3)
FNF:4
FNH:0
FNDA:0,(anonymous_0)
FNDA:0,(anonymous_1)
FNDA:0,(anonymous_2)
FNDA:0,(anonymous_3)
DA:3,0
DA:4,0
DA:5,0
DA:7,0
DA:8,0
DA:9,0
DA:12,0
DA:39,0
DA:40,0
DA:41,0
DA:43,0
DA:48,0
DA:49,0
DA:53,0
DA:54,0
DA:58,0
LF:16
LH:0
BRF:0
BRH:0
end_of_record
TN:
SF:C:\git\cattegy-git\nested-dnd\server\app\models\utils.js
FN:10,(anonymous_0)
FNF:1
FNH:0
FNDA:0,(anonymous_0)
DA:2,0
DA:11,0
LF:2
LH:0
BRF:0
BRH:0
end_of_record
TN:
SF:C:\git\cattegy-git\nested-dnd\server\app\models\generator\childSchema.js
FN:35,(anonymous_0)
FN:44,(anonymous_1)
FNF:2
FNH:0
FNDA:0,(anonymous_0)
FNDA:0,(anonymous_1)
DA:1,0
DA:3,0
DA:5,0
DA:35,0
DA:36,0
DA:37,0
DA:38,0
DA:44,0
DA:45,0
DA:46,0
DA:47,0
DA:48,0
DA:49,0
DA:52,0
LF:14
LH:0
BRDA:36,0,0,0
BRDA:36,0,1,0
BRDA:36,1,0,0
BRDA:36,1,1,0
BRDA:45,2,0,0
BRDA:45,2,1,0
BRDA:45,3,0,0
BRDA:45,3,1,0
BRDA:47,4,0,0
BRDA:47,4,1,0
BRF:10
BRH:0
end_of_record
TN:
SF:C:\git\cattegy-git\nested-dnd\server\app\models\generator\maintain.js
FN:9,(anonymous_0)
FN:34,(anonymous_1)
FN:38,(anonymous_2)
FN:73,(anonymous_3)
FN:115,(anonymous_4)
FN:133,(anonymous_5)
FN:163,(anonymous_6)
FNF:7
FNH:0
FNDA:0,(anonymous_0)
FNDA:0,(anonymous_1)
FNDA:0,(anonymous_2)
FNDA:0,(anonymous_3)
FNDA:0,(anonymous_4)
FNDA:0,(anonymous_5)
FNDA:0,(anonymous_6)
DA:2,0
DA:10,0
DA:11,0
DA:13,0
DA:15,0
DA:16,0
DA:19,0
DA:20,0
DA:24,0
DA:35,0
DA:36,0
DA:38,0
DA:40,0
DA:41,0
DA:42,0
DA:45,0
DA:46,0
DA:47,0
DA:48,0
DA:49,0
DA:55,0
DA:56,0
DA:57,0
DA:58,0
DA:60,0
DA:62,0
DA:76,0
DA:77,0
DA:78,0
DA:79,0
DA:83,0
DA:84,0
DA:85,0
DA:86,0
DA:90,0
DA:91,0
DA:93,0
DA:94,0
DA:95,0
DA:96,0
DA:97,0
DA:102,0
DA:105,0
DA:107,0
DA:116,0
DA:119,0
DA:120,0
DA:121,0
DA:123,0
DA:134,0
DA:136,0
DA:137,0
DA:138,0
DA:140,0
DA:149,0
DA:150,0
DA:153,0
DA:154,0
DA:155,0
DA:158,0
DA:159,0
DA:160,0
DA:163,0
DA:164,0
DA:165,0
DA:166,0
DA:168,0
DA:169,0
DA:172,0
DA:173,0
DA:174,0
DA:175,0
DA:176,0
DA:180,0
DA:181,0
DA:182,0
DA:183,0
DA:184,0
DA:189,0
DA:193,0
DA:200,0
LF:81
LH:0
BRDA:10,0,0,0
BRDA:10,0,1,0
BRDA:15,1,0,0
BRDA:15,1,1,0
BRDA:19,2,0,0
BRDA:19,2,1,0
BRDA:35,3,0,0
BRDA:35,3,1,0
BRDA:35,4,0,0
BRDA:35,4,1,0
BRDA:40,5,0,0
BRDA:40,5,1,0
BRDA:40,6,0,0
BRDA:40,6,1,0
BRDA:45,7,0,0
BRDA:45,7,1,0
BRDA:45,8,0,0
BRDA:45,8,1,0
BRDA:47,9,0,0
BRDA:47,9,1,0
BRDA:55,10,0,0
BRDA:55,10,1,0
BRDA:56,11,0,0
BRDA:56,11,1,0
BRDA:62,12,0,0
BRDA:62,12,1,0
BRDA:76,13,0,0
BRDA:76,13,1,0
BRDA:83,14,0,0
BRDA:83,14,1,0
BRDA:83,15,0,0
BRDA:83,15,1,0
BRDA:90,16,0,0
BRDA:90,16,1,0
BRDA:94,17,0,0
BRDA:94,17,1,0
BRDA:94,18,0,0
BRDA:94,18,1,0
BRDA:134,19,0,0
BRDA:134,19,1,0
BRDA:158,20,0,0
BRDA:158,20,1,0
BRDA:158,21,0,0
BRDA:158,21,1,0
BRDA:168,22,0,0
BRDA:168,22,1,0
BRDA:172,23,0,0
BRDA:172,23,1,0
BRDA:180,24,0,0
BRDA:180,24,1,0
BRDA:189,25,0,0
BRDA:189,25,1,0
BRF:52
BRH:0
end_of_record
TN:
SF:C:\git\cattegy-git\nested-dnd\server\app\models\generator\make.js
FN:10,(anonymous_0)
FN:39,(anonymous_1)
FN:79,(anonymous_2)
FN:81,(anonymous_3)
FN:85,(anonymous_4)
FN:111,(anonymous_5)
FN:127,makeAmount
FN:154,checkTypes
FNF:8
FNH:0
FNDA:0,(anonymous_0)
FNDA:0,(anonymous_1)
FNDA:0,(anonymous_2)
FNDA:0,(anonymous_3)
FNDA:0,(anonymous_4)
FNDA:0,(anonymous_5)
FNDA:0,makeAmount
FNDA:0,checkTypes
DA:1,0
DA:11,0
DA:12,0
DA:14,0
DA:15,0
DA:16,0
DA:18,0
DA:20,0
DA:21,0
DA:22,0
DA:24,0
DA:25,0
DA:26,0
DA:28,0
DA:40,0
DA:41,0
DA:42,0
DA:45,0
DA:48,0
DA:49,0
DA:50,0
DA:54,0
DA:55,0
DA:56,0
DA:57,0
DA:61,0
DA:62,0
DA:67,0
DA:68,0
DA:69,0
DA:70,0
DA:71,0
DA:72,0
DA:76,0
DA:79,0
DA:80,0
DA:81,0
DA:84,0
DA:85,0
DA:86,0
DA:87,0
DA:89,0
DA:90,0
DA:94,0
DA:96,0
DA:97,0
DA:101,0
DA:112,0
DA:113,0
DA:116,0
DA:119,0
DA:121,0
DA:123,0
DA:125,0
DA:128,0
DA:129,0
DA:130,0
DA:131,0
DA:133,0
DA:134,0
DA:135,0
DA:136,0
DA:138,0
DA:139,0
DA:141,0
DA:142,0
DA:149,0
DA:157,0
DA:158,0
DA:160,0
DA:161,0
DA:163,0
DA:164,0
DA:166,0
DA:167,0
DA:169,0
DA:172,0
LF:77
LH:0
BRDA:11,0,0,0
BRDA:11,0,1,0
BRDA:15,1,0,0
BRDA:15,1,1,0
BRDA:15,2,0,0
BRDA:15,2,1,0
BRDA:15,2,2,0
BRDA:18,3,0,0
BRDA:18,3,1,0
BRDA:40,4,0,0
BRDA:40,4,1,0
BRDA:45,5,0,0
BRDA:45,5,1,0
BRDA:45,6,0,0
BRDA:45,6,1,0
BRDA:48,7,0,0
BRDA:48,7,1,0
BRDA:54,8,0,0
BRDA:54,8,1,0
BRDA:61,9,0,0
BRDA:61,9,1,0
BRDA:70,10,0,0
BRDA:70,10,1,0
BRDA:71,11,0,0
BRDA:71,11,1,0
BRDA:72,12,0,0
BRDA:72,12,1,0
BRDA:72,13,0,0
BRDA:72,13,1,0
BRDA:76,14,0,0
BRDA:76,14,1,0
BRDA:76,15,0,0
BRDA:76,15,1,0
BRDA:76,15,2,0
BRDA:86,16,0,0
BRDA:86,16,1,0
BRDA:89,17,0,0
BRDA:89,17,1,0
BRDA:96,18,0,0
BRDA:96,18,1,0
BRDA:96,19,0,0
BRDA:96,19,1,0
BRDA:116,20,0,0
BRDA:116,20,1,0
BRDA:130,21,0,0
BRDA:130,21,1,0
BRDA:133,22,0,0
BRDA:133,22,1,0
BRDA:135,23,0,0
BRDA:135,23,1,0
BRDA:141,24,0,0
BRDA:141,24,1,0
BRDA:157,25,0,0
BRDA:157,25,1,0
BRDA:160,26,0,0
BRDA:160,26,1,0
BRDA:163,27,0,0
BRDA:163,27,1,0
BRDA:166,28,0,0
BRDA:166,28,1,0
BRF:60
BRH:0
end_of_record
TN:
SF:C:\git\cattegy-git\nested-dnd\server\app\models\generator\styleSchema.js
FN:38,(anonymous_0)
FN:42,(anonymous_1)
FN:46,(anonymous_2)
FN:50,(anonymous_3)
FN:54,(anonymous_4)
FNF:5
FNH:0
FNDA:0,(anonymous_0)
FNDA:0,(anonymous_1)
FNDA:0,(anonymous_2)
FNDA:0,(anonymous_3)
FNDA:0,(anonymous_4)
DA:1,0
DA:3,0
DA:5,0
DA:38,0
DA:39,0
DA:42,0
DA:43,0
DA:46,0
DA:47,0
DA:50,0
DA:51,0
DA:54,0
DA:55,0
DA:58,0
LF:14
LH:0
BRF:0
BRH:0
end_of_record
TN:
SF:C:\git\cattegy-git\nested-dnd\server\app\routes\auth.js
FN:4,(anonymous_0)
FN:6,(anonymous_1)
FN:7,(anonymous_2)
FN:14,(anonymous_3)
FN:28,(anonymous_4)
FN:29,(anonymous_5)
FN:36,(anonymous_6)
FN:50,(anonymous_7)
FN:53,(anonymous_8)
FN:58,(anonymous_9)
FN:69,(anonymous_10)
FN:70,(anonymous_11)
FN:79,logout
FN:81,(anonymous_13)
FN:95,(anonymous_14)
FN:104,(anonymous_15)
FNF:16
FNH:0
FNDA:0,(anonymous_0)
FNDA:0,(anonymous_1)
FNDA:0,(anonymous_2)
FNDA:0,(anonymous_3)
FNDA:0,(anonymous_4)
FNDA:0,(anonymous_5)
FNDA:0,(anonymous_6)
FNDA:0,(anonymous_7)
FNDA:0,(anonymous_8)
FNDA:0,(anonymous_9)
FNDA:0,(anonymous_10)
FNDA:0,(anonymous_11)
FNDA:0,logout
FNDA:0,(anonymous_13)
FNDA:0,(anonymous_14)
FNDA:0,(anonymous_15)
DA:1,0
DA:2,0
DA:4,0
DA:6,0
DA:7,0
DA:8,0
DA:9,0
DA:11,0
DA:12,0
DA:14,0
DA:16,0
DA:17,0
DA:20,0
DA:21,0
DA:23,0
DA:28,0
DA:29,0
DA:30,0
DA:31,0
DA:33,0
DA:34,0
DA:36,0
DA:38,0
DA:39,0
DA:42,0
DA:43,0
DA:45,0
DA:50,0
DA:53,0
DA:54,0
DA:55,0
DA:57,0
DA:58,0
DA:59,0
DA:69,0
DA:70,0
DA:71,0
DA:73,0
DA:80,0
DA:81,0
DA:82,0
DA:83,0
DA:89,0
DA:91,0
DA:95,0
DA:96,0
DA:97,0
DA:99,0
DA:104,0
DA:105,0
LF:50
LH:0
BRDA:8,0,0,0
BRDA:8,0,1,0
BRDA:11,1,0,0
BRDA:11,1,1,0
BRDA:16,2,0,0
BRDA:16,2,1,0
BRDA:30,3,0,0
BRDA:30,3,1,0
BRDA:33,4,0,0
BRDA:33,4,1,0
BRDA:38,5,0,0
BRDA:38,5,1,0
BRDA:54,6,0,0
BRDA:54,6,1,0
BRDA:71,7,0,0
BRDA:71,7,1,0
BRDA:82,8,0,0
BRDA:82,8,1,0
BRDA:96,9,0,0
BRDA:96,9,1,0
BRF:20
BRH:0
end_of_record
TN:
SF:C:\git\cattegy-git\nested-dnd\server\app\routes\generators.js
FN:7,(anonymous_0)
FN:11,(anonymous_1)
FN:17,(anonymous_2)
FN:24,(anonymous_3)
FN:25,(anonymous_4)
FN:33,(anonymous_5)
FN:35,(anonymous_6)
FN:40,(anonymous_7)
FN:49,(anonymous_8)
FN:58,(anonymous_9)
FN:78,(anonymous_10)
FN:81,(anonymous_11)
FN:84,(anonymous_12)
FNF:13
FNH:0
FNDA:0,(anonymous_0)
FNDA:0,(anonymous_1)
FNDA:0,(anonymous_2)
FNDA:0,(anonymous_3)
FNDA:0,(anonymous_4)
FNDA:0,(anonymous_5)
FNDA:0,(anonymous_6)
FNDA:0,(anonymous_7)
FNDA:0,(anonymous_8)
FNDA:0,(anonymous_9)
FNDA:0,(anonymous_10)
FNDA:0,(anonymous_11)
FNDA:0,(anonymous_12)
DA:1,0
DA:2,0
DA:4,0
DA:5,0
DA:7,0
DA:11,0
DA:12,0
DA:13,0
DA:17,0
DA:18,0
DA:24,0
DA:25,0
DA:26,0
DA:27,0
DA:29,0
DA:33,0
DA:35,0
DA:36,0
DA:37,0
DA:38,0
DA:40,0
DA:49,0
DA:50,0
DA:53,0
DA:54,0
DA:56,0
DA:58,0
DA:59,0
DA:61,0
DA:62,0
DA:64,0
DA:66,0
DA:68,0
DA:71,0
DA:78,0
DA:80,0
DA:82,0
DA:85,0
LF:38
LH:0
BRDA:26,0,0,0
BRDA:26,0,1,0
BRDA:27,1,0,0
BRDA:27,1,1,0
BRDA:37,2,0,0
BRDA:37,2,1,0
BRDA:59,3,0,0
BRDA:59,3,1,0
BRDA:66,4,0,0
BRDA:66,4,1,0
BRF:10
BRH:0
end_of_record
TN:
SF:C:\git\cattegy-git\nested-dnd\server\app\routes\middleware.js
FN:7,(anonymous_0)
FN:20,(anonymous_1)
FN:29,(anonymous_2)
FN:30,(anonymous_3)
FN:42,(anonymous_4)
FN:46,(anonymous_5)
FN:62,getPack
FN:71,(anonymous_7)
FNF:8
FNH:0
FNDA:0,(anonymous_0)
FNDA:0,(anonymous_1)
FNDA:0,(anonymous_2)
FNDA:0,(anonymous_3)
FNDA:0,(anonymous_4)
FNDA:0,(anonymous_5)
FNDA:0,getPack
FNDA:0,(anonymous_7)
DA:2,0
DA:3,0
DA:5,0
DA:12,0
DA:13,0
DA:16,0
DA:17,0
DA:22,0
DA:23,0
DA:26,0
DA:30,0
DA:31,0
DA:33,0
DA:34,0
DA:37,0
DA:43,0
DA:44,0
DA:46,0
DA:47,0
DA:49,0
DA:50,0
DA:53,0
DA:65,0
DA:66,0
DA:67,0
DA:68,0
DA:69,0
DA:71,0
DA:72,0
DA:73,0
DA:74,0
DA:76,0
DA:77,0
DA:81,0
DA:83,0
DA:84,0
DA:87,0
LF:37
LH:0
BRDA:12,0,0,0
BRDA:12,0,1,0
BRDA:22,1,0,0
BRDA:22,1,1,0
BRDA:31,2,0,0
BRDA:31,2,1,0
BRDA:33,3,0,0
BRDA:33,3,1,0
BRDA:33,4,0,0
BRDA:33,4,1,0
BRDA:43,5,0,0
BRDA:43,5,1,0
BRDA:47,6,0,0
BRDA:47,6,1,0
BRDA:49,7,0,0
BRDA:49,7,1,0
BRDA:65,8,0,0
BRDA:65,8,1,0
BRDA:67,9,0,0
BRDA:67,9,1,0
BRDA:72,10,0,0
BRDA:72,10,1,0
BRDA:73,11,0,0
BRDA:73,11,1,0
BRDA:76,12,0,0
BRDA:76,12,1,0
BRDA:83,13,0,0
BRDA:83,13,1,0
BRF:28
BRH:0
end_of_record
TN:
SF:C:\git\cattegy-git\nested-dnd\server\app\routes\packs.js
FN:10,(anonymous_0)
FN:13,(anonymous_1)
FN:23,(anonymous_2)
FN:31,(anonymous_3)
FN:43,(anonymous_4)
FN:56,(anonymous_5)
FN:68,(anonymous_6)
FN:77,(anonymous_7)
FN:83,(anonymous_8)
FN:89,(anonymous_9)
FN:103,(anonymous_10)
FN:115,(anonymous_11)
FN:116,(anonymous_12)
FN:122,(anonymous_13)
FN:124,(anonymous_14)
FN:135,(anonymous_15)
FN:140,(anonymous_16)
FN:149,(anonymous_17)
FN:162,(anonymous_18)
FN:172,save
FN:174,(anonymous_20)
FN:184,(anonymous_21)
FN:187,(anonymous_22)
FN:209,(anonymous_23)
FNF:24
FNH:0
FNDA:0,(anonymous_0)
FNDA:0,(anonymous_1)
FNDA:0,(anonymous_2)
FNDA:0,(anonymous_3)
FNDA:0,(anonymous_4)
FNDA:0,(anonymous_5)
FNDA:0,(anonymous_6)
FNDA:0,(anonymous_7)
FNDA:0,(anonymous_8)
FNDA:0,(anonymous_9)
FNDA:0,(anonymous_10)
FNDA:0,(anonymous_11)
FNDA:0,(anonymous_12)
FNDA:0,(anonymous_13)
FNDA:0,(anonymous_14)
FNDA:0,(anonymous_15)
FNDA:0,(anonymous_16)
FNDA:0,(anonymous_17)
FNDA:0,(anonymous_18)
FNDA:0,save
FNDA:0,(anonymous_20)
FNDA:0,(anonymous_21)
FNDA:0,(anonymous_22)
FNDA:0,(anonymous_23)
DA:1,0
DA:3,0
DA:4,0
DA:5,0
DA:6,0
DA:7,0
DA:10,0
DA:13,0
DA:14,0
DA:18,0
DA:19,0
DA:23,0
DA:24,0
DA:26,0
DA:27,0
DA:31,0
DA:32,0
DA:34,0
DA:43,0
DA:46,0
DA:47,0
DA:50,0
DA:52,0
DA:54,0
DA:56,0
DA:57,0
DA:58,0
DA:64,0
DA:65,0
DA:68,0
DA:69,0
DA:70,0
DA:71,0
DA:73,0
DA:77,0
DA:83,0
DA:84,0
DA:88,0
DA:89,0
DA:90,0
DA:91,0
DA:93,0
DA:98,0
DA:103,0
DA:104,0
DA:105,0
DA:106,0
DA:109,0
DA:115,0
DA:116,0
DA:117,0
DA:118,0
DA:122,0
DA:124,0
DA:125,0
DA:126,0
DA:127,0
DA:135,0
DA:136,0
DA:137,0
DA:138,0
DA:140,0
DA:141,0
DA:143,0
DA:149,0
DA:150,0
DA:153,0
DA:154,0
DA:155,0
DA:157,0
DA:160,0
DA:161,0
DA:163,0
DA:164,0
DA:166,0
DA:170,0
DA:173,0
DA:174,0
DA:175,0
DA:184,0
DA:185,0
DA:188,0
DA:189,0
DA:192,0
DA:193,0
DA:203,0
DA:209,0
DA:210,0
DA:211,0
DA:216,0
DA:217,0
DA:219,0
DA:226,0
LF:93
LH:0
BRDA:18,0,0,0
BRDA:18,0,1,0
BRDA:24,1,0,0
BRDA:24,1,1,0
BRDA:26,2,0,0
BRDA:26,2,1,0
BRDA:32,3,0,0
BRDA:32,3,1,0
BRDA:47,4,0,0
BRDA:47,4,1,0
BRDA:50,5,0,0
BRDA:50,5,1,0
BRDA:50,6,0,0
BRDA:50,6,1,0
BRDA:54,7,0,0
BRDA:54,7,1,0
BRDA:57,8,0,0
BRDA:57,8,1,0
BRDA:104,9,0,0
BRDA:104,9,1,0
BRDA:125,10,0,0
BRDA:125,10,1,0
BRDA:141,11,0,0
BRDA:141,11,1,0
BRDA:160,12,0,0
BRDA:160,12,1,0
BRDA:163,13,0,0
BRDA:163,13,1,0
BRDA:188,14,0,0
BRDA:188,14,1,0
BRDA:192,15,0,0
BRDA:192,15,1,0
BRF:32
BRH:0
end_of_record
TN:
SF:C:\git\cattegy-git\nested-dnd\server\app\routes\tables.js
FN:4,(anonymous_0)
FN:8,(anonymous_1)
FN:12,(anonymous_2)
FN:17,(anonymous_3)
FN:18,(anonymous_4)
FN:26,(anonymous_5)
FN:27,(anonymous_6)
FN:40,(anonymous_7)
FN:50,(anonymous_8)
FN:54,(anonymous_9)
FN:62,(anonymous_10)
FN:64,(anonymous_11)
FNF:12
FNH:0
FNDA:0,(anonymous_0)
FNDA:0,(anonymous_1)
FNDA:0,(anonymous_2)
FNDA:0,(anonymous_3)
FNDA:0,(anonymous_4)
FNDA:0,(anonymous_5)
FNDA:0,(anonymous_6)
FNDA:0,(anonymous_7)
FNDA:0,(anonymous_8)
FNDA:0,(anonymous_9)
FNDA:0,(anonymous_10)
FNDA:0,(anonymous_11)
DA:1,0
DA:2,0
DA:4,0
DA:8,0
DA:9,0
DA:10,0
DA:12,0
DA:17,0
DA:18,0
DA:19,0
DA:20,0
DA:22,0
DA:26,0
DA:27,0
DA:28,0
DA:29,0
DA:30,0
DA:32,0
DA:40,0
DA:41,0
DA:44,0
DA:45,0
DA:46,0
DA:48,0
DA:50,0
DA:51,0
DA:53,0
DA:54,0
DA:62,0
DA:64,0
LF:30
LH:0
BRDA:19,0,0,0
BRDA:19,0,1,0
BRDA:20,1,0,0
BRDA:20,1,1,0
BRDA:28,2,0,0
BRDA:28,2,1,0
BRDA:29,3,0,0
BRDA:29,3,1,0
BRDA:30,4,0,0
BRDA:30,4,1,0
BRDA:51,5,0,0
BRDA:51,5,1,0
BRF:12
BRH:0
end_of_record
TN:
SF:C:\git\cattegy-git\nested-dnd\server\app\routes\packs\explore.js
FN:2,treeToArray
FN:39,(anonymous_1)
FN:64,cleanUp
FN:82,arrayToTree
FN:95,(anonymous_4)
FN:112,(anonymous_5)
FN:131,populateUp
FNF:7
FNH:2
FNDA:1,treeToArray
FNDA:0,(anonymous_1)
FNDA:1,cleanUp
FNDA:0,arrayToTree
FNDA:0,(anonymous_4)
FNDA:0,(anonymous_5)
FNDA:0,populateUp
DA:3,1
DA:5,1
DA:6,1
DA:7,1
DA:10,1
DA:11,1
DA:12,1
DA:19,0
DA:20,0
DA:25,0
DA:26,0
DA:29,0
DA:31,0
DA:32,0
DA:33,0
DA:34,0
DA:37,0
DA:39,0
DA:40,0
DA:43,0
DA:44,0
DA:45,0
DA:50,0
DA:51,0
DA:52,0
DA:53,0
DA:56,0
DA:58,0
DA:65,1
DA:67,1
DA:68,0
DA:69,0
DA:70,0
DA:73,0
DA:77,1
DA:83,0
DA:85,0
DA:86,0
DA:87,0
DA:89,0
DA:90,0
DA:93,0
DA:95,0
DA:96,0
DA:98,0
DA:99,0
DA:100,0
DA:101,0
DA:104,0
DA:105,0
DA:106,0
DA:110,0
DA:111,0
DA:112,0
DA:113,0
DA:114,0
DA:115,0
DA:116,0
DA:117,0
DA:119,0
DA:124,0
DA:133,0
DA:134,0
DA:135,0
DA:136,0
DA:137,0
DA:138,0
DA:140,0
DA:141,0
DA:142,0
DA:143,0
DA:144,0
DA:145,0
DA:148,0
DA:149,0
DA:150,0
DA:153,0
DA:157,0
DA:158,0
DA:159,0
DA:160,0
DA:162,0
DA:163,0
DA:166,0
DA:169,1
LF:85
LH:11
BRDA:3,0,0,0
BRDA:3,0,1,1
BRDA:6,1,0,0
BRDA:6,1,1,1
BRDA:7,2,0,0
BRDA:7,2,1,1
BRDA:10,3,0,1
BRDA:10,3,1,0
BRDA:10,4,0,1
BRDA:10,4,1,0
BRDA:22,5,0,0
BRDA:22,5,1,0
BRDA:25,6,0,0
BRDA:25,6,1,0
BRDA:26,7,0,0
BRDA:26,7,1,0
BRDA:31,8,0,0
BRDA:31,8,1,0
BRDA:43,9,0,0
BRDA:43,9,1,0
BRDA:45,10,0,0
BRDA:45,10,1,0
BRDA:67,11,0,0
BRDA:67,11,1,1
BRDA:69,12,0,0
BRDA:69,12,1,0
BRDA:83,13,0,0
BRDA:83,13,1,0
BRDA:83,14,0,0
BRDA:83,14,1,0
BRDA:89,15,0,0
BRDA:89,15,1,0
BRDA:89,16,0,0
BRDA:89,16,1,0
BRDA:89,16,2,0
BRDA:104,17,0,0
BRDA:104,17,1,0
BRDA:104,18,0,0
BRDA:104,18,1,0
BRDA:104,18,2,0
BRDA:111,19,0,0
BRDA:111,19,1,0
BRDA:111,20,0,0
BRDA:111,20,1,0
BRDA:117,21,0,0
BRDA:117,21,1,0
BRDA:133,22,0,0
BRDA:133,22,1,0
BRDA:133,23,0,0
BRDA:133,23,1,0
BRDA:135,24,0,0
BRDA:135,24,1,0
BRDA:137,25,0,0
BRDA:137,25,1,0
BRDA:144,26,0,0
BRDA:144,26,1,0
BRDA:149,27,0,0
BRDA:149,27,1,0
BRDA:155,28,0,0
BRDA:155,28,1,0
BRDA:157,29,0,0
BRDA:157,29,1,0
BRDA:158,30,0,0
BRDA:158,30,1,0
BRDA:159,31,0,0
BRDA:159,31,1,0
BRF:66
BRH:6
end_of_record
TN:
SF:C:\git\cattegy-git\nested-dnd\server\config\passport.js
FN:13,(anonymous_0)
FN:21,(anonymous_1)
FN:26,(anonymous_2)
FN:27,(anonymous_3)
FN:47,(anonymous_4)
FN:50,(anonymous_5)
FN:66,(anonymous_6)
FN:85,(anonymous_7)
FN:112,(anonymous_8)
FN:117,(anonymous_9)
FNF:10
FNH:0
FNDA:0,(anonymous_0)
FNDA:0,(anonymous_1)
FNDA:0,(anonymous_2)
FNDA:0,(anonymous_3)
FNDA:0,(anonymous_4)
FNDA:0,(anonymous_5)
FNDA:0,(anonymous_6)
FNDA:0,(anonymous_7)
FNDA:0,(anonymous_8)
FNDA:0,(anonymous_9)
DA:4,0
DA:7,0
DA:9,0
DA:10,0
DA:13,0
DA:21,0
DA:22,0
DA:26,0
DA:27,0
DA:28,0
DA:38,0
DA:50,0
DA:51,0
DA:54,0
DA:55,0
DA:60,0
DA:61,0
DA:62,0
DA:66,0
DA:68,0
DA:71,0
DA:72,0
DA:73,0
DA:77,0
DA:80,0
DA:81,0
DA:82,0
DA:85,0
DA:86,0
DA:87,0
DA:103,0
DA:117,0
DA:119,0
DA:122,0
DA:123,0
DA:130,0
DA:131,0
DA:138,0
LF:38
LH:0
BRDA:54,0,0,0
BRDA:54,0,1,0
BRDA:60,1,0,0
BRDA:60,1,1,0
BRDA:68,2,0,0
BRDA:68,2,1,0
BRDA:71,3,0,0
BRDA:71,3,1,0
BRDA:86,4,0,0
BRDA:86,4,1,0
BRDA:119,5,0,0
BRDA:119,5,1,0
BRDA:122,6,0,0
BRDA:122,6,1,0
BRDA:130,7,0,0
BRDA:130,7,1,0
BRF:16
BRH:0
end_of_record
